<?xml version="1.0" encoding="utf-8"?><testsuites name="pytest tests"><testsuite name="pytest" errors="0" failures="0" skipped="0" tests="38" time="4.105" timestamp="2026-01-18T18:31:50.755833+00:00" hostname="agent-env-14c2da28-ac65-453b-b12d-c871a9dfe044"><testcase classname="tests.test_accounting_refactored.TestAPIHealth" name="test_api_health" time="0.078" /><testcase classname="tests.test_accounting_refactored.TestTransactionCRUD" name="test_create_transaction_for_courier" time="0.148" /><testcase classname="tests.test_accounting_refactored.TestTransactionCRUD" name="test_create_transaction_with_custom_date" time="0.040" /><testcase classname="tests.test_accounting_refactored.TestTransactionCRUD" name="test_get_courier_transactions" time="0.047" /><testcase classname="tests.test_accounting_refactored.TestTransactionCRUD" name="test_get_courier_transactions_pagination" time="0.088" /><testcase classname="tests.test_accounting_refactored.TestTransactionCRUD" name="test_update_transaction" time="0.119" /><testcase classname="tests.test_accounting_refactored.TestTransactionCRUD" name="test_update_transaction_not_found" time="0.036" /><testcase classname="tests.test_accounting_refactored.TestTransactionCRUD" name="test_update_transaction_no_fields" time="0.074" /><testcase classname="tests.test_accounting_refactored.TestTransactionCRUD" name="test_delete_transaction" time="0.125" /><testcase classname="tests.test_accounting_refactored.TestTransactionCRUD" name="test_delete_transaction_not_found" time="0.036" /><testcase classname="tests.test_accounting_refactored.TestBusinessCRUD" name="test_create_business" time="0.037" /><testcase classname="tests.test_accounting_refactored.TestBusinessCRUD" name="test_get_businesses" time="0.038" /><testcase classname="tests.test_accounting_refactored.TestBusinessCRUD" name="test_get_businesses_include_archived" time="0.040" /><testcase classname="tests.test_accounting_refactored.TestBusinessCRUD" name="test_archive_unarchive_business" time="0.223" /><testcase classname="tests.test_accounting_refactored.TestBusinessCRUD" name="test_delete_business" time="0.077" /><testcase classname="tests.test_accounting_refactored.TestBusinessCRUD" name="test_get_business_transactions" time="0.124" /><testcase classname="tests.test_accounting_refactored.TestVendorCRUD" name="test_create_vendor" time="0.080" /><testcase classname="tests.test_accounting_refactored.TestVendorCRUD" name="test_get_vendors" time="0.039" /><testcase classname="tests.test_accounting_refactored.TestVendorCRUD" name="test_archive_unarchive_vendor" time="0.182" /><testcase classname="tests.test_accounting_refactored.TestVendorCRUD" name="test_delete_vendor" time="0.077" /><testcase classname="tests.test_accounting_refactored.TestVendorCRUD" name="test_get_vendor_transactions" time="0.111" /><testcase classname="tests.test_accounting_refactored.TestAccountingSummary" name="test_get_accounting_summary" time="0.041" /><testcase classname="tests.test_accounting_refactored.TestInstallmentProducts" name="test_create_installment_product" time="0.041" /><testcase classname="tests.test_accounting_refactored.TestInstallmentProducts" name="test_get_installment_products" time="0.081" /><testcase classname="tests.test_accounting_refactored.TestInstallmentProducts" name="test_get_installment_products_include_completed" time="0.038" /><testcase classname="tests.test_accounting_refactored.TestInstallmentProducts" name="test_pay_installment" time="0.155" /><testcase classname="tests.test_accounting_refactored.TestInstallmentProducts" name="test_pay_installment_with_custom_date" time="0.079" /><testcase classname="tests.test_accounting_refactored.TestInstallmentProducts" name="test_pay_completed_installment" time="0.118" /><testcase classname="tests.test_accounting_refactored.TestInstallmentProducts" name="test_delete_installment_product_no_payments" time="0.074" /><testcase classname="tests.test_accounting_refactored.TestInstallmentProducts" name="test_delete_installment_product_with_payments" time="0.114" /><testcase classname="tests.test_accounting_refactored.TestInstallmentProducts" name="test_create_installment_product_invalid_courier" time="0.035" /><testcase classname="tests.test_accounting_refactored.TestActivityLogs" name="test_get_activity_logs" time="0.038" /><testcase classname="tests.test_accounting_refactored.TestActivityLogs" name="test_get_activity_logs_pagination" time="0.075" /><testcase classname="tests.test_accounting_refactored.TestActivityLogs" name="test_activity_log_created_on_transaction" time="0.123" /><testcase classname="tests.test_accounting_refactored.TestTransactionWithInstallmentRestore" name="test_delete_transaction_with_installment_restore" time="0.194" /><testcase classname="tests.test_accounting_refactored.TestCleanup" name="test_cleanup_test_transactions" time="0.677" /><testcase classname="tests.test_accounting_refactored.TestCleanup" name="test_cleanup_test_businesses" time="0.112" /><testcase classname="tests.test_accounting_refactored.TestCleanup" name="test_cleanup_test_vendors" time="0.112" /></testsuite></testsuites>