<?xml version="1.0" encoding="utf-8"?><testsuites name="pytest tests"><testsuite name="pytest" errors="0" failures="0" skipped="0" tests="10" time="0.149" timestamp="2026-02-08T22:24:51.387035+00:00" hostname="agent-env-a873352e-f615-41e2-a0c8-879b57c035a1"><testcase classname="tests.test_adisyo_notes.TestParseAndCategorizeNotes" name="test_payment_info_removed_online_kredi_banka_karti" time="0.001" /><testcase classname="tests.test_adisyo_notes.TestParseAndCategorizeNotes" name="test_customer_note_categorization" time="0.000" /><testcase classname="tests.test_adisyo_notes.TestParseAndCategorizeNotes" name="test_kitchen_note_categorization" time="0.000" /><testcase classname="tests.test_adisyo_notes.TestParseAndCategorizeNotes" name="test_full_example_from_spec" time="0.000" /><testcase classname="tests.test_adisyo_notes.TestParseAndCategorizeNotes" name="test_nakit_odeme_removed" time="0.000" /><testcase classname="tests.test_adisyo_notes.TestParseAndCategorizeNotes" name="test_kapida_odeme_removed" time="0.000" /><testcase classname="tests.test_adisyo_notes.TestParseAndCategorizeNotes" name="test_multiple_kitchen_notes" time="0.000" /><testcase classname="tests.test_adisyo_notes.TestParseAndCategorizeNotes" name="test_empty_notes" time="0.000" /><testcase classname="tests.test_adisyo_notes.TestParseAndCategorizeNotes" name="test_only_payment_info" time="0.000" /><testcase classname="tests.test_adisyo_notes.TestParseAndCategorizeNotes" name="test_pos_removed" time="0.000" /></testsuite></testsuites>