<?xml version="1.0" encoding="utf-8"?><testsuites name="pytest tests"><testsuite name="pytest" errors="0" failures="0" skipped="0" tests="10" time="1.891" timestamp="2026-03-21T04:55:25.776165+00:00" hostname="agent-env-bf5139fa-722e-47fe-b092-8406fca72dbc"><testcase classname="backend.tests.test_applications_basvurular.TestApplicationsAPI" name="test_ping_agrosjet_connection" time="0.299" /><testcase classname="backend.tests.test_applications_basvurular.TestApplicationsAPI" name="test_get_courier_applications" time="0.225" /><testcase classname="backend.tests.test_applications_basvurular.TestApplicationsAPI" name="test_get_restaurant_applications" time="0.200" /><testcase classname="backend.tests.test_applications_basvurular.TestApplicationsAPI" name="test_get_company_applications" time="0.249" /><testcase classname="backend.tests.test_applications_basvurular.TestApplicationsAPI" name="test_get_courier_statuses" time="0.215" /><testcase classname="backend.tests.test_applications_basvurular.TestApplicationsAPI" name="test_invalid_app_type" time="0.111" /><testcase classname="backend.tests.test_applications_basvurular.TestAgrosJetSystemSettings" name="test_get_agrosjet_settings" time="0.106" /><testcase classname="backend.tests.test_applications_basvurular.TestAgrosJetSystemSettings" name="test_agrosjet_connection_test" time="0.220" /><testcase classname="backend.tests.test_applications_basvurular.TestWebhookEndpoint" name="test_webhook_without_api_key" time="0.100" /><testcase classname="backend.tests.test_applications_basvurular.TestHealthCheck" name="test_api_health" time="0.114" /></testsuite></testsuites>