<?xml version="1.0" encoding="utf-8"?><testsuites name="pytest tests"><testsuite name="pytest" errors="0" failures="0" skipped="1" tests="16" time="5.656" timestamp="2026-03-29T12:18:49.169409+00:00" hostname="agent-env-9e51e4ae-6121-474f-b4bf-4c201636f9a2"><testcase classname="tests.test_bcrypt_migration.TestHealthCheck" name="test_api_health" time="0.135" /><testcase classname="tests.test_bcrypt_migration.TestAdminLoginBcrypt" name="test_system_admin_login_bcrypt" time="0.331" /><testcase classname="tests.test_bcrypt_migration.TestAdminLoginBcrypt" name="test_company_admin_login_bcrypt" time="0.331" /><testcase classname="tests.test_bcrypt_migration.TestAdminLoginBcrypt" name="test_admin_login_wrong_password" time="0.333" /><testcase classname="tests.test_bcrypt_migration.TestAdminLoginBcrypt" name="test_admin_login_nonexistent_user" time="0.135" /><testcase classname="tests.test_bcrypt_migration.TestCourierLoginBcrypt" name="test_courier_login_bcrypt" time="0.358" /><testcase classname="tests.test_bcrypt_migration.TestCourierLoginBcrypt" name="test_courier_login_wrong_password" time="0.335" /><testcase classname="tests.test_bcrypt_migration.TestCourierLoginBcrypt" name="test_courier_login_phone_normalization" time="0.357" /><testcase classname="tests.test_bcrypt_migration.TestSHA256AutoUpgrade" name="test_courier_sha256_login_and_upgrade" time="0.649" /><testcase classname="tests.test_bcrypt_migration.TestSHA256AutoUpgrade" name="test_restaurant_user_sha256_login" time="0.327" /><testcase classname="tests.test_bcrypt_migration.TestPasswordVerification" name="test_bcrypt_hash_format" time="0.330" /><testcase classname="tests.test_bcrypt_migration.TestPasswordVerification" name="test_sha256_verification_still_works" time="0.331" /><testcase classname="tests.test_bcrypt_migration.TestPasswordVerification" name="test_wrong_password_rejected" time="0.330" /><testcase classname="tests.test_bcrypt_migration.TestProfilePasswordChange" name="test_admin_password_change_flow" time="0.121"><skipped type="pytest.skip" message="Company admin login failed, skipping password change test">/app/backend/tests/test_bcrypt_migration.py:273: Company admin login failed, skipping password change test</skipped></testcase><testcase classname="tests.test_bcrypt_migration.TestNewAdminCreation" name="test_create_admin_uses_bcrypt" time="1.085" /><testcase classname="tests.test_bcrypt_migration.TestRateLimiting" name="test_rate_limit_configured" time="0.101" /></testsuite></testsuites>