<?xml version="1.0" encoding="utf-8"?><testsuites name="pytest tests"><testsuite name="pytest" errors="0" failures="1" skipped="0" tests="13" time="1.082" timestamp="2026-01-18T23:38:48.974085+00:00" hostname="agent-env-af598955-8a91-4cdd-b209-a72a92238671"><testcase classname="tests.test_bulk_hakedis_api.TestBonusSettingsAPI" name="test_get_bonus_settings" time="0.079" /><testcase classname="tests.test_bulk_hakedis_api.TestBonusSettingsAPI" name="test_create_bonus_rule" time="0.041" /><testcase classname="tests.test_bulk_hakedis_api.TestBonusSettingsAPI" name="test_create_bonus_rule_validation_min_packets" time="0.039" /><testcase classname="tests.test_bulk_hakedis_api.TestBonusSettingsAPI" name="test_create_bonus_rule_validation_amount" time="0.048" /><testcase classname="tests.test_bulk_hakedis_api.TestBonusSettingsAPI" name="test_create_duplicate_rule_rejected" time="0.085" /><testcase classname="tests.test_bulk_hakedis_api.TestBonusSettingsAPI" name="test_delete_bonus_rule" time="0.123" /><testcase classname="tests.test_bulk_hakedis_api.TestBonusSettingsAPI" name="test_delete_nonexistent_rule" time="0.130" /><testcase classname="tests.test_bulk_hakedis_api.TestBulkHakedisParseExcel" name="test_parse_excel_success" time="0.047" /><testcase classname="tests.test_bulk_hakedis_api.TestBulkHakedisParseExcel" name="test_parse_excel_invalid_format" time="0.046"><failure message="AssertionError: Expected error status, got 520&#10;assert 520 in [400, 500, 422]&#10; +  where 520 = &lt;Response [520]&gt;.status_code">tests/test_bulk_hakedis_api.py:165: in test_parse_excel_invalid_format
    assert response.status_code in [400, 500, 422], f"Expected error status, got {response.status_code}"
E   AssertionError: Expected error status, got 520
E   assert 520 in [400, 500, 422]
E    +  where 520 = &lt;Response [520]&gt;.status_code</failure></testcase><testcase classname="tests.test_bulk_hakedis_api.TestBulkHakedisApply" name="test_apply_bulk_hakedis_success" time="0.118" /><testcase classname="tests.test_bulk_hakedis_api.TestBulkHakedisApply" name="test_apply_bulk_hakedis_empty_items" time="0.043" /><testcase classname="tests.test_bulk_hakedis_api.TestBulkHakedisApply" name="test_apply_bulk_hakedis_with_custom_date" time="0.097" /><testcase classname="tests.test_bulk_hakedis_api.TestCourierNameMatching" name="test_case_insensitive_matching" time="0.043" /></testsuite></testsuites>