<?xml version="1.0" encoding="utf-8"?><testsuites name="pytest tests"><testsuite name="pytest" errors="0" failures="0" skipped="0" tests="13" time="0.907" timestamp="2026-01-18T23:45:00.617971+00:00" hostname="agent-env-af598955-8a91-4cdd-b209-a72a92238671"><testcase classname="tests.test_bulk_hakedis_api.TestBonusSettingsAPI" name="test_get_bonus_settings" time="0.058" /><testcase classname="tests.test_bulk_hakedis_api.TestBonusSettingsAPI" name="test_create_bonus_rule" time="0.041" /><testcase classname="tests.test_bulk_hakedis_api.TestBonusSettingsAPI" name="test_create_bonus_rule_validation_min_packets" time="0.035" /><testcase classname="tests.test_bulk_hakedis_api.TestBonusSettingsAPI" name="test_create_bonus_rule_validation_amount" time="0.038" /><testcase classname="tests.test_bulk_hakedis_api.TestBonusSettingsAPI" name="test_create_duplicate_rule_rejected" time="0.074" /><testcase classname="tests.test_bulk_hakedis_api.TestBonusSettingsAPI" name="test_delete_bonus_rule" time="0.080" /><testcase classname="tests.test_bulk_hakedis_api.TestBonusSettingsAPI" name="test_delete_nonexistent_rule" time="0.115" /><testcase classname="tests.test_bulk_hakedis_api.TestBulkHakedisParseExcel" name="test_parse_excel_success" time="0.038" /><testcase classname="tests.test_bulk_hakedis_api.TestBulkHakedisParseExcel" name="test_parse_excel_invalid_format" time="0.035" /><testcase classname="tests.test_bulk_hakedis_api.TestBulkHakedisApply" name="test_apply_bulk_hakedis_success" time="0.079" /><testcase classname="tests.test_bulk_hakedis_api.TestBulkHakedisApply" name="test_apply_bulk_hakedis_empty_items" time="0.038" /><testcase classname="tests.test_bulk_hakedis_api.TestBulkHakedisApply" name="test_apply_bulk_hakedis_with_custom_date" time="0.121" /><testcase classname="tests.test_bulk_hakedis_api.TestCourierNameMatching" name="test_case_insensitive_matching" time="0.045" /></testsuite></testsuites>