<?xml version="1.0" encoding="utf-8"?><testsuites name="pytest tests"><testsuite name="pytest" errors="0" failures="0" skipped="0" tests="8" time="0.721" timestamp="2026-01-21T01:14:03.782437+00:00" hostname="agent-env-7b67c3e5-7f62-4c12-ad38-7ddb4085efc1"><testcase classname="tests.test_business_invoices.TestBusinessInvoicesAPI" name="test_get_business_invoices_for_month" time="0.103" /><testcase classname="tests.test_business_invoices.TestBusinessInvoicesAPI" name="test_get_company_invoice_details" time="0.041" /><testcase classname="tests.test_business_invoices.TestBusinessInvoicesAPI" name="test_get_company_details_invalid_company" time="0.043" /><testcase classname="tests.test_business_invoices.TestBusinessInvoicesAPI" name="test_get_single_business_invoice" time="0.086" /><testcase classname="tests.test_business_invoices.TestBusinessInvoicesAPI" name="test_set_manual_amount" time="0.159" /><testcase classname="tests.test_business_invoices.TestBusinessInvoicesAPI" name="test_set_amount_invalid_business" time="0.041" /><testcase classname="tests.test_business_invoices.TestBusinessInvoicesIntegration" name="test_businesses_list_available" time="0.039" /><testcase classname="tests.test_business_invoices.TestBusinessInvoicesIntegration" name="test_month_navigation_range" time="0.084" /></testsuite></testsuites>