<?xml version="1.0" encoding="utf-8"?><testsuites name="pytest tests"><testsuite name="pytest" errors="0" failures="0" skipped="0" tests="15" time="0.794" timestamp="2026-02-04T01:09:29.088129+00:00" hostname="agent-env-44003789-3c45-4cf1-aee2-98a011db68be"><testcase classname="tests.test_chat_api.TestChatConversations" name="test_create_conversation" time="0.069" /><testcase classname="tests.test_chat_api.TestChatConversations" name="test_get_user_conversations" time="0.038" /><testcase classname="tests.test_chat_api.TestChatConversations" name="test_create_duplicate_conversation_returns_existing" time="0.039" /><testcase classname="tests.test_chat_api.TestChatConversations" name="test_create_group_conversation" time="0.034" /><testcase classname="tests.test_chat_api.TestChatMessages" name="test_send_text_message" time="0.037" /><testcase classname="tests.test_chat_api.TestChatMessages" name="test_get_conversation_messages" time="0.038" /><testcase classname="tests.test_chat_api.TestChatMessages" name="test_mark_message_read" time="0.035" /><testcase classname="tests.test_chat_api.TestChatMessages" name="test_mark_all_read" time="0.038" /><testcase classname="tests.test_chat_api.TestChatUserSearch" name="test_search_users_requires_min_chars" time="0.039" /><testcase classname="tests.test_chat_api.TestChatUserSearch" name="test_search_users_with_valid_query" time="0.078" /><testcase classname="tests.test_chat_api.TestChatUserSearch" name="test_search_excludes_current_user" time="0.033" /><testcase classname="tests.test_chat_api.TestChatUnreadCount" name="test_get_unread_count" time="0.035" /><testcase classname="tests.test_chat_api.TestChatConversationDelete" name="test_delete_nonexistent_conversation" time="0.037" /><testcase classname="tests.test_chat_api.TestChatConversationDelete" name="test_delete_conversation" time="0.073" /><testcase classname="tests.test_chat_api.TestChatFileUpload" name="test_upload_endpoint_exists" time="0.113" /></testsuite></testsuites>