<?xml version="1.0" encoding="utf-8"?><testsuites name="pytest tests"><testsuite name="pytest" errors="0" failures="4" skipped="1" tests="15" time="0.774" timestamp="2026-02-04T01:08:41.852244+00:00" hostname="agent-env-44003789-3c45-4cf1-aee2-98a011db68be"><testcase classname="tests.test_chat_api.TestChatConversations" name="test_create_conversation" time="0.098"><failure message="AssertionError: Expected 200, got 520: Internal Server Error&#10;assert 520 == 200&#10; +  where 520 = &lt;Response [520]&gt;.status_code">tests/test_chat_api.py:35: in test_create_conversation
    assert response.status_code == 200, f"Expected 200, got {response.status_code}: {response.text}"
E   AssertionError: Expected 200, got 520: Internal Server Error
E   assert 520 == 200
E    +  where 520 = &lt;Response [520]&gt;.status_code</failure></testcase><testcase classname="tests.test_chat_api.TestChatConversations" name="test_get_user_conversations" time="0.036" /><testcase classname="tests.test_chat_api.TestChatConversations" name="test_create_duplicate_conversation_returns_existing" time="0.034" /><testcase classname="tests.test_chat_api.TestChatConversations" name="test_create_group_conversation" time="0.036"><failure message="assert 520 == 200&#10; +  where 520 = &lt;Response [520]&gt;.status_code">tests/test_chat_api.py:95: in test_create_group_conversation
    assert response.status_code == 200
E   assert 520 == 200
E    +  where 520 = &lt;Response [520]&gt;.status_code</failure></testcase><testcase classname="tests.test_chat_api.TestChatMessages" name="test_send_text_message" time="0.078"><failure message="AssertionError: Expected 200, got 520: Internal Server Error&#10;assert 520 == 200&#10; +  where 520 = &lt;Response [520]&gt;.status_code">tests/test_chat_api.py:141: in test_send_text_message
    assert response.status_code == 200, f"Expected 200, got {response.status_code}: {response.text}"
E   AssertionError: Expected 200, got 520: Internal Server Error
E   assert 520 == 200
E    +  where 520 = &lt;Response [520]&gt;.status_code</failure></testcase><testcase classname="tests.test_chat_api.TestChatMessages" name="test_get_conversation_messages" time="0.033" /><testcase classname="tests.test_chat_api.TestChatMessages" name="test_mark_message_read" time="0.000"><skipped type="pytest.skip" message="No message available">/app/tests/test_chat_api.py:173: No message available</skipped></testcase><testcase classname="tests.test_chat_api.TestChatMessages" name="test_mark_all_read" time="0.037" /><testcase classname="tests.test_chat_api.TestChatUserSearch" name="test_search_users_requires_min_chars" time="0.037" /><testcase classname="tests.test_chat_api.TestChatUserSearch" name="test_search_users_with_valid_query" time="0.035" /><testcase classname="tests.test_chat_api.TestChatUserSearch" name="test_search_excludes_current_user" time="0.034" /><testcase classname="tests.test_chat_api.TestChatUnreadCount" name="test_get_unread_count" time="0.034" /><testcase classname="tests.test_chat_api.TestChatConversationDelete" name="test_delete_nonexistent_conversation" time="0.038" /><testcase classname="tests.test_chat_api.TestChatConversationDelete" name="test_delete_conversation" time="0.034"><failure message="assert 520 == 200&#10; +  where 520 = &lt;Response [520]&gt;.status_code">tests/test_chat_api.py:298: in test_delete_conversation
    assert create_response.status_code == 200
E   assert 520 == 200
E    +  where 520 = &lt;Response [520]&gt;.status_code</failure></testcase><testcase classname="tests.test_chat_api.TestChatFileUpload" name="test_upload_endpoint_exists" time="0.071" /></testsuite></testsuites>