<?xml version="1.0" encoding="utf-8"?><testsuites name="pytest tests"><testsuite name="pytest" errors="0" failures="0" skipped="2" tests="11" time="6.596" timestamp="2026-04-07T21:55:04.705296+00:00" hostname="agent-env-9e51e4ae-6121-474f-b4bf-4c201636f9a2"><testcase classname="tests.test_contracts.TestCourierLoginContractFields" name="test_courier_login_returns_contract_fields" time="0.386" /><testcase classname="tests.test_contracts.TestContractStatusAPI" name="test_contract_status_returns_accepted_field" time="0.468" /><testcase classname="tests.test_contracts.TestContractStatusAPI" name="test_contract_status_invalid_courier" time="0.484" /><testcase classname="tests.test_contracts.TestContractPreviewAPI" name="test_contract_preview_returns_text" time="0.483" /><testcase classname="tests.test_contracts.TestContractPreviewAPI" name="test_contract_preview_invalid_courier" time="0.435" /><testcase classname="tests.test_contracts.TestContractAcceptAPI" name="test_contract_accept_requires_signature" time="0.098"><skipped type="pytest.skip" message="Courier login failed">/app/backend/tests/test_contracts.py:181: Courier login failed</skipped></testcase><testcase classname="tests.test_contracts.TestContractAcceptAPI" name="test_contract_accept_validates_signature" time="1.964" /><testcase classname="tests.test_contracts.TestContractAcceptAPI" name="test_contract_accept_validates_tc_kimlik" time="0.460" /><testcase classname="tests.test_contracts.TestContractPDFAPI" name="test_contract_pdf_for_accepted_contract" time="0.109"><skipped type="pytest.skip" message="Courier login failed">/app/backend/tests/test_contracts.py:254: Courier login failed</skipped></testcase><testcase classname="tests.test_contracts.TestCourierRegistrationWithTC" name="test_registration_accepts_tc_no" time="1.077" /><testcase classname="tests.test_contracts.TestAdminContractView" name="test_admin_can_get_courier_with_contract_status" time="0.568" /></testsuite></testsuites>