<?xml version="1.0" encoding="utf-8"?><testsuites name="pytest tests"><testsuite name="pytest" errors="0" failures="1" skipped="1" tests="10" time="5.368" timestamp="2026-03-30T11:28:17.679729+00:00" hostname="agent-env-9e51e4ae-6121-474f-b4bf-4c201636f9a2"><testcase classname="backend.tests.test_courier_matrix_and_list.TestAdminLogin" name="test_admin_login_success" time="0.467" /><testcase classname="backend.tests.test_courier_matrix_and_list.TestCourierListAndMatrix" name="test_get_courier_list" time="0.441" /><testcase classname="backend.tests.test_courier_matrix_and_list.TestCourierListAndMatrix" name="test_get_courier_matrix" time="0.433" /><testcase classname="backend.tests.test_courier_matrix_and_list.TestCourierListAndMatrix" name="test_list_and_matrix_have_same_couriers" time="0.584" /><testcase classname="backend.tests.test_courier_matrix_and_list.TestCourierListAndMatrix" name="test_existing_courier_in_matrix" time="0.433" /><testcase classname="backend.tests.test_courier_matrix_and_list.TestMatrixBulkUpdate" name="test_payment_method_toggle" time="0.673"><failure message="AssertionError: Payment method not updated&#10;assert True == False">backend/tests/test_courier_matrix_and_list.py:177: in test_payment_method_toggle
    assert updated_courier["payment_methods"]["cash"] == new_value, "Payment method not updated"
E   AssertionError: Payment method not updated
E   assert True == False</failure></testcase><testcase classname="backend.tests.test_courier_matrix_and_list.TestMatrixBulkUpdate" name="test_max_packages_update" time="0.769" /><testcase classname="backend.tests.test_courier_matrix_and_list.TestMatrixBulkUpdate" name="test_break_limit_update" time="0.099"><skipped type="pytest.skip" message="Admin login failed">/app/backend/tests/test_courier_matrix_and_list.py:240: Admin login failed</skipped></testcase><testcase classname="backend.tests.test_courier_matrix_and_list.TestMatrixBulkUpdate" name="test_permission_toggle" time="0.799" /><testcase classname="backend.tests.test_courier_matrix_and_list.TestAddCourierSyncBetweenViews" name="test_add_courier_appears_in_both_views" time="0.551" /></testsuite></testsuites>