<?xml version="1.0" encoding="utf-8"?><testsuites name="pytest tests"><testsuite name="pytest" errors="0" failures="0" skipped="0" tests="14" time="2.617" timestamp="2026-05-17T19:48:03.738900+00:00" hostname="agent-env-9e51e4ae-6121-474f-b4bf-4c201636f9a2"><testcase classname="backend.tests.test_courier_invoice_obligations.TestDailyHakedisGrid" name="test_daily_data_returns_7_days_with_business_date" time="0.565" /><testcase classname="backend.tests.test_courier_invoice_obligations.TestDailyHakedisGrid" name="test_daily_data_bad_dates_400" time="0.114" /><testcase classname="backend.tests.test_courier_invoice_obligations.TestAdminObligationList" name="test_list_pending" time="0.121" /><testcase classname="backend.tests.test_courier_invoice_obligations.TestAdminObligationList" name="test_list_uploaded" time="0.267" /><testcase classname="backend.tests.test_courier_invoice_obligations.TestAdminObligationList" name="test_list_approved" time="0.106" /><testcase classname="backend.tests.test_courier_invoice_obligations.TestAdminObligationList" name="test_list_all" time="0.114" /><testcase classname="backend.tests.test_courier_invoice_obligations.TestAdminObligationList" name="test_courier_summary_admin" time="0.118" /><testcase classname="backend.tests.test_courier_invoice_obligations.TestAdminObligationList" name="test_auto_settings_get" time="0.122" /><testcase classname="backend.tests.test_courier_invoice_obligations.TestCourierObligationEndpoints" name="test_courier_me_requires_courier" time="0.106" /><testcase classname="backend.tests.test_courier_invoice_obligations.TestCourierObligationEndpoints" name="test_courier_me_ok" time="0.445" /><testcase classname="backend.tests.test_courier_invoice_obligations.TestCourierObligationEndpoints" name="test_courier_blocking_count" time="0.104" /><testcase classname="backend.tests.test_courier_invoice_obligations.TestCourierObligationEndpoints" name="test_upload_invalid_id_404" time="0.123" /><testcase classname="backend.tests.test_courier_invoice_obligations.TestAuthRequirements" name="test_admin_list_requires_auth" time="0.125" /><testcase classname="backend.tests.test_courier_invoice_obligations.TestAuthRequirements" name="test_admin_list_blocks_courier" time="0.115" /></testsuite></testsuites>