<?xml version="1.0" encoding="utf-8"?><testsuites name="pytest tests"><testsuite name="pytest" errors="0" failures="0" skipped="0" tests="10" time="2.778" timestamp="2026-05-12T07:44:41.061414+00:00" hostname="agent-env-9e51e4ae-6121-474f-b4bf-4c201636f9a2"><testcase classname="tests.test_courier_pricing_profile_http" name="test_get_all_pricing_profiles" time="0.659" /><testcase classname="tests.test_courier_pricing_profile_http" name="test_put_profile_1_writes_top_level" time="0.249" /><testcase classname="tests.test_courier_pricing_profile_http" name="test_put_profile_2_writes_dict" time="0.212" /><testcase classname="tests.test_courier_pricing_profile_http" name="test_put_profile_invalid_returns_400" time="0.112" /><testcase classname="tests.test_courier_pricing_profile_http" name="test_delete_profile_2" time="0.316" /><testcase classname="tests.test_courier_pricing_profile_http" name="test_delete_profile_1_forbidden" time="0.132" /><testcase classname="tests.test_courier_pricing_profile_http" name="test_restaurant_set_profile" time="0.546" /><testcase classname="tests.test_courier_pricing_profile_http" name="test_restaurant_set_profile_invalid_400" time="0.134" /><testcase classname="tests.test_courier_pricing_profile_http" name="test_restaurant_pricing_includes_courier_profile" time="0.118" /><testcase classname="tests.test_courier_pricing_profile_http" name="test_legacy_pricing_endpoint_works" time="0.234" /></testsuite></testsuites>