<?xml version="1.0" encoding="utf-8"?><testsuites name="pytest tests"><testsuite name="pytest" errors="0" failures="0" skipped="3" tests="16" time="23.680" timestamp="2026-04-08T01:34:37.062618+00:00" hostname="agent-env-9e51e4ae-6121-474f-b4bf-4c201636f9a2"><testcase classname="backend.tests.test_courier_document_management.TestContractStatusWithFesih" name="test_contract_status_returns_fesih_accepted" time="0.497" /><testcase classname="backend.tests.test_courier_document_management.TestContractStatusWithFesih" name="test_contract_status_invalid_courier_returns_404" time="0.473" /><testcase classname="backend.tests.test_courier_document_management.TestResetContractAPI" name="test_reset_contract_endpoint_exists" time="0.451" /><testcase classname="backend.tests.test_courier_document_management.TestResetContractAPI" name="test_reset_contract_requires_auth" time="0.161" /><testcase classname="backend.tests.test_courier_document_management.TestResetFesihAPI" name="test_reset_fesih_endpoint_exists" time="0.492" /><testcase classname="backend.tests.test_courier_document_management.TestResetFesihAPI" name="test_reset_fesih_requires_auth" time="0.137" /><testcase classname="backend.tests.test_courier_document_management.TestResetDocumentsAPI" name="test_reset_documents_endpoint_exists" time="0.489" /><testcase classname="backend.tests.test_courier_document_management.TestResetDocumentsAPI" name="test_reset_documents_requires_auth" time="0.114" /><testcase classname="backend.tests.test_courier_document_management.TestDownloadMergedPDF" name="test_download_merged_pdf_returns_pdf" time="18.800" /><testcase classname="backend.tests.test_courier_document_management.TestDownloadMergedPDF" name="test_download_merged_pdf_invalid_courier" time="0.503" /><testcase classname="backend.tests.test_courier_document_management.TestDownloadMergedPDF" name="test_download_merged_pdf_requires_auth" time="0.134" /><testcase classname="backend.tests.test_courier_document_management.TestDocumentStatus" name="test_document_status_returns_all_complete" time="0.457" /><testcase classname="backend.tests.test_courier_document_management.TestDocumentStatus" name="test_document_status_invalid_courier" time="0.482" /><testcase classname="backend.tests.test_courier_document_management.TestDownloadAllDocumentsZIP" name="test_download_all_returns_zip" time="0.112"><skipped type="pytest.skip" message="Admin login failed">/app/backend/tests/test_courier_document_management.py:307: Admin login failed</skipped></testcase><testcase classname="backend.tests.test_courier_document_management.TestContractPDFView" name="test_contract_pdf_returns_pdf_for_accepted_contract" time="0.128"><skipped type="pytest.skip" message="Admin login failed">/app/backend/tests/test_courier_document_management.py:344: Admin login failed</skipped></testcase><testcase classname="backend.tests.test_courier_document_management.TestCourierDocumentsList" name="test_get_courier_documents_list" time="0.145"><skipped type="pytest.skip" message="Admin login failed">/app/backend/tests/test_courier_document_management.py:391: Admin login failed</skipped></testcase></testsuite></testsuites>