<?xml version="1.0" encoding="utf-8"?><testsuites name="pytest tests"><testsuite name="pytest" errors="0" failures="0" skipped="0" tests="19" time="0.810" timestamp="2026-01-18T00:05:41.407862+00:00" hostname="agent-env-bbf927fa-77d0-440a-9818-6af81b6e5622"><testcase classname="tests.test_documents_api.TestDocumentsAPI" name="test_01_courier_login" time="0.071" /><testcase classname="tests.test_documents_api.TestDocumentsAPI" name="test_02_get_document_types" time="0.011" /><testcase classname="tests.test_documents_api.TestDocumentsAPI" name="test_03_get_document_status_initial" time="0.011" /><testcase classname="tests.test_documents_api.TestDocumentsAPI" name="test_04_get_courier_documents_initial" time="0.051" /><testcase classname="tests.test_documents_api.TestDocumentsAPI" name="test_05_upload_image_document" time="0.042" /><testcase classname="tests.test_documents_api.TestDocumentsAPI" name="test_06_upload_pdf_document" time="0.044" /><testcase classname="tests.test_documents_api.TestDocumentsAPI" name="test_07_verify_status_after_upload" time="0.009" /><testcase classname="tests.test_documents_api.TestDocumentsAPI" name="test_08_get_courier_documents_list" time="0.049" /><testcase classname="tests.test_documents_api.TestDocumentsAPI" name="test_09_view_document" time="0.011" /><testcase classname="tests.test_documents_api.TestDocumentsAPI" name="test_10_view_nonexistent_document" time="0.050" /><testcase classname="tests.test_documents_api.TestDocumentsAPI" name="test_11_upload_invalid_file_type" time="0.040" /><testcase classname="tests.test_documents_api.TestDocumentsAPI" name="test_12_upload_invalid_document_type" time="0.035" /><testcase classname="tests.test_documents_api.TestDocumentsAPI" name="test_13_download_all_documents" time="0.009" /><testcase classname="tests.test_documents_api.TestDocumentsAPI" name="test_14_delete_document" time="0.010" /><testcase classname="tests.test_documents_api.TestDocumentsAPI" name="test_15_delete_nonexistent_document" time="0.049" /><testcase classname="tests.test_documents_api.TestDocumentsAPI" name="test_16_download_all_nonexistent_courier" time="0.050" /><testcase classname="tests.test_documents_api.TestAdminDocumentAccess" name="test_01_admin_login" time="0.010" /><testcase classname="tests.test_documents_api.TestAdminDocumentAccess" name="test_02_admin_can_view_courier_documents" time="0.058" /><testcase classname="tests.test_documents_api.TestAdminDocumentAccess" name="test_03_admin_can_view_courier_status" time="0.107" /></testsuite></testsuites>