<?xml version="1.0" encoding="utf-8"?><testsuites name="pytest tests"><testsuite name="pytest" errors="0" failures="4" skipped="0" tests="19" time="1.266" timestamp="2026-01-18T00:04:44.770889+00:00" hostname="agent-env-bbf927fa-77d0-440a-9818-6af81b6e5622"><testcase classname="tests.test_documents_api.TestDocumentsAPI" name="test_01_courier_login" time="0.074" /><testcase classname="tests.test_documents_api.TestDocumentsAPI" name="test_02_get_document_types" time="0.039" /><testcase classname="tests.test_documents_api.TestDocumentsAPI" name="test_03_get_document_status_empty" time="0.040" /><testcase classname="tests.test_documents_api.TestDocumentsAPI" name="test_04_get_courier_documents_empty" time="0.042" /><testcase classname="tests.test_documents_api.TestDocumentsAPI" name="test_05_upload_image_document" time="0.132" /><testcase classname="tests.test_documents_api.TestDocumentsAPI" name="test_06_upload_pdf_document" time="0.128" /><testcase classname="tests.test_documents_api.TestDocumentsAPI" name="test_07_verify_status_after_upload" time="0.039"><failure message="AssertionError: Expected at least 2 uploads, got 0&#10;assert 0 &gt;= 2">tests/test_documents_api.py:209: in test_07_verify_status_after_upload
    assert data["total_uploaded"] &gt;= 2, f"Expected at least 2 uploads, got {data['total_uploaded']}"
E   AssertionError: Expected at least 2 uploads, got 0
E   assert 0 &gt;= 2</failure></testcase><testcase classname="tests.test_documents_api.TestDocumentsAPI" name="test_08_get_courier_documents_list" time="0.036"><failure message="AssertionError: Expected at least 2 documents, got 0&#10;assert 0 &gt;= 2&#10; +  where 0 = len([])">tests/test_documents_api.py:227: in test_08_get_courier_documents_list
    assert len(data) &gt;= 2, f"Expected at least 2 documents, got {len(data)}"
E   AssertionError: Expected at least 2 documents, got 0
E   assert 0 &gt;= 2
E    +  where 0 = len([])</failure></testcase><testcase classname="tests.test_documents_api.TestDocumentsAPI" name="test_09_view_document" time="0.001"><failure message="AssertionError: No documents uploaded&#10;assert 0 &gt; 0&#10; +  where 0 = len([])&#10; +    where [] = TestDocumentsAPI.uploaded_doc_ids">tests/test_documents_api.py:241: in test_09_view_document
    assert len(TestDocumentsAPI.uploaded_doc_ids) &gt; 0, "No documents uploaded"
E   AssertionError: No documents uploaded
E   assert 0 &gt; 0
E    +  where 0 = len([])
E    +    where [] = TestDocumentsAPI.uploaded_doc_ids</failure></testcase><testcase classname="tests.test_documents_api.TestDocumentsAPI" name="test_10_view_nonexistent_document" time="0.054" /><testcase classname="tests.test_documents_api.TestDocumentsAPI" name="test_11_upload_invalid_file_type" time="0.039" /><testcase classname="tests.test_documents_api.TestDocumentsAPI" name="test_12_upload_invalid_document_type" time="0.032" /><testcase classname="tests.test_documents_api.TestDocumentsAPI" name="test_13_delete_document" time="0.001"><failure message="AssertionError: No documents to delete&#10;assert 0 &gt; 0&#10; +  where 0 = len([])&#10; +    where [] = TestDocumentsAPI.uploaded_doc_ids">tests/test_documents_api.py:300: in test_13_delete_document
    assert len(TestDocumentsAPI.uploaded_doc_ids) &gt; 0, "No documents to delete"
E   AssertionError: No documents to delete
E   assert 0 &gt; 0
E    +  where 0 = len([])
E    +    where [] = TestDocumentsAPI.uploaded_doc_ids</failure></testcase><testcase classname="tests.test_documents_api.TestDocumentsAPI" name="test_14_delete_nonexistent_document" time="0.041" /><testcase classname="tests.test_documents_api.TestDocumentsAPI" name="test_15_download_all_documents" time="0.096" /><testcase classname="tests.test_documents_api.TestDocumentsAPI" name="test_16_download_all_nonexistent_courier" time="0.079" /><testcase classname="tests.test_documents_api.TestAdminDocumentAccess" name="test_01_admin_login" time="0.039" /><testcase classname="tests.test_documents_api.TestAdminDocumentAccess" name="test_02_admin_can_view_courier_documents" time="0.093" /><testcase classname="tests.test_documents_api.TestAdminDocumentAccess" name="test_03_admin_can_view_courier_status" time="0.089" /></testsuite></testsuites>