<?xml version="1.0" encoding="utf-8"?><testsuites name="pytest tests"><testsuite name="pytest" errors="0" failures="0" skipped="0" tests="7" time="4.109" timestamp="2026-04-08T23:53:37.569670+00:00" hostname="agent-env-9e51e4ae-6121-474f-b4bf-4c201636f9a2"><testcase classname="backend.tests.test_document_process_control.TestDocumentProcessControl" name="test_get_courier_returns_document_process_completed_field" time="0.590" /><testcase classname="backend.tests.test_document_process_control.TestDocumentProcessControl" name="test_toggle_document_process_to_false" time="0.512" /><testcase classname="backend.tests.test_document_process_control.TestDocumentProcessControl" name="test_toggle_document_process_to_true" time="0.485" /><testcase classname="backend.tests.test_document_process_control.TestDocumentProcessControl" name="test_toggle_document_process_invalid_courier" time="0.392" /><testcase classname="backend.tests.test_document_process_control.TestDocumentProcessControl" name="test_toggle_document_process_requires_auth" time="0.522" /><testcase classname="backend.tests.test_document_process_control.TestCourierLoginWithDocumentProcess" name="test_courier_login_and_check_document_process" time="0.799" /><testcase classname="backend.tests.test_document_process_control.TestDocumentProcessToggleSequence" name="test_toggle_sequence" time="0.709" /></testsuite></testsuites>