<?xml version="1.0" encoding="utf-8"?><testsuites name="pytest tests"><testsuite name="pytest" errors="0" failures="0" skipped="1" tests="11" time="4.459" timestamp="2026-04-02T00:50:16.672863+00:00" hostname="agent-env-9e51e4ae-6121-474f-b4bf-4c201636f9a2"><testcase classname="backend.tests.test_entity_balances.TestEntityBalancesEndpoint" name="test_courier_entity_balances_endpoint" time="0.556" /><testcase classname="backend.tests.test_entity_balances.TestEntityBalancesEndpoint" name="test_courier_archived_entity_balances_endpoint" time="0.384" /><testcase classname="backend.tests.test_entity_balances.TestEntityBalancesEndpoint" name="test_restaurant_entity_balances_endpoint" time="0.442" /><testcase classname="backend.tests.test_entity_balances.TestEntityBalancesEndpoint" name="test_restaurant_archived_entity_balances_endpoint" time="0.418" /><testcase classname="backend.tests.test_entity_balances.TestEntityBalancesEndpoint" name="test_vendor_entity_balances_endpoint" time="0.414" /><testcase classname="backend.tests.test_entity_balances.TestEntityBalancesEndpoint" name="test_vendor_archived_entity_balances_endpoint" time="0.416" /><testcase classname="backend.tests.test_entity_balances.TestEntityBalancesEndpoint" name="test_invalid_type_returns_400" time="0.440" /><testcase classname="backend.tests.test_entity_balances.TestEntityBalancesEndpoint" name="test_balance_values_are_numeric" time="0.391" /><testcase classname="backend.tests.test_entity_balances.TestAccountingListEndpoints" name="test_couriers_list_endpoint" time="0.407" /><testcase classname="backend.tests.test_entity_balances.TestAccountingListEndpoints" name="test_accounting_restaurants_list_endpoint" time="0.372" /><testcase classname="backend.tests.test_entity_balances.TestAccountingListEndpoints" name="test_vendors_list_endpoint" time="0.115"><skipped type="pytest.skip" message="Login failed: 429">/app/backend/tests/test_entity_balances.py:207: Login failed: 429</skipped></testcase></testsuite></testsuites>