<?xml version="1.0" encoding="utf-8"?><testsuites name="pytest tests"><testsuite name="pytest" errors="0" failures="0" skipped="0" tests="19" time="1.635" timestamp="2026-02-20T22:07:00.361926+00:00" hostname="agent-env-05721f81-6013-40ed-ad6d-31dc7097704c"><testcase classname="tests.test_getir_faz1_refactor.TestHelperFunctionsUnit" name="test_extract_customer_info_basic" time="0.130" /><testcase classname="tests.test_getir_faz1_refactor.TestHelperFunctionsUnit" name="test_extract_customer_info_empty" time="0.000" /><testcase classname="tests.test_getir_faz1_refactor.TestHelperFunctionsUnit" name="test_extract_address_info_basic" time="0.000" /><testcase classname="tests.test_getir_faz1_refactor.TestHelperFunctionsUnit" name="test_extract_address_info_constructed" time="0.000" /><testcase classname="tests.test_getir_faz1_refactor.TestHelperFunctionsUnit" name="test_extract_items_basic" time="0.000" /><testcase classname="tests.test_getir_faz1_refactor.TestHelperFunctionsUnit" name="test_extract_items_with_options" time="0.000" /><testcase classname="tests.test_getir_faz1_refactor.TestHelperFunctionsUnit" name="test_extract_items_multilang_name" time="0.000" /><testcase classname="tests.test_getir_faz1_refactor.TestOrderEndpoints" name="test_admin_login" time="0.281" /><testcase classname="tests.test_getir_faz1_refactor.TestOrderEndpoints" name="test_restaurant_login" time="0.122" /><testcase classname="tests.test_getir_faz1_refactor.TestOrderEndpoints" name="test_get_orders_by_company" time="0.261" /><testcase classname="tests.test_getir_faz1_refactor.TestOrderEndpoints" name="test_get_orders_by_company_with_status_filter" time="0.230" /><testcase classname="tests.test_getir_faz1_refactor.TestOrderEndpoints" name="test_get_orders_by_restaurant" time="0.257" /><testcase classname="tests.test_getir_faz1_refactor.TestOrderEndpoints" name="test_get_orders_by_restaurant_with_status" time="0.267" /><testcase classname="tests.test_getir_faz1_refactor.TestPaymentMethodMapping" name="test_map_getir_payment_numeric" time="0.000" /><testcase classname="tests.test_getir_faz1_refactor.TestPaymentMethodMapping" name="test_map_getir_payment_dict" time="0.000" /><testcase classname="tests.test_getir_faz1_refactor.TestPaymentMethodMapping" name="test_get_payment_method_name" time="0.000" /><testcase classname="tests.test_getir_faz1_refactor.TestStatusMapping" name="test_map_getir_status_numeric" time="0.000" /><testcase classname="tests.test_getir_faz1_refactor.TestStatusMapping" name="test_map_getir_status_string" time="0.001" /><testcase classname="tests.test_getir_faz1_refactor.TestConvertGetirOrderAsync" name="test_convert_basic_order_sync_wrapper" time="0.001" /></testsuite></testsuites>