<?xml version="1.0" encoding="utf-8"?><testsuites name="pytest tests"><testsuite name="pytest" errors="0" failures="19" skipped="0" tests="19" time="1.114" timestamp="2026-02-20T22:05:38.406146+00:00" hostname="agent-env-05721f81-6013-40ed-ad6d-31dc7097704c"><testcase classname="tests.test_getir_faz1_refactor.TestHelperFunctionsUnit" name="test_extract_customer_info_basic" time="0.001"><failure message="ModuleNotFoundError: No module named 'services'">tests/test_getir_faz1_refactor.py:25: in test_extract_customer_info_basic
    from services.getir_service import _extract_customer_info
E   ModuleNotFoundError: No module named 'services'</failure></testcase><testcase classname="tests.test_getir_faz1_refactor.TestHelperFunctionsUnit" name="test_extract_customer_info_empty" time="0.000"><failure message="ModuleNotFoundError: No module named 'services'">tests/test_getir_faz1_refactor.py:43: in test_extract_customer_info_empty
    from services.getir_service import _extract_customer_info
E   ModuleNotFoundError: No module named 'services'</failure></testcase><testcase classname="tests.test_getir_faz1_refactor.TestHelperFunctionsUnit" name="test_extract_address_info_basic" time="0.000"><failure message="ModuleNotFoundError: No module named 'services'">tests/test_getir_faz1_refactor.py:54: in test_extract_address_info_basic
    from services.getir_service import _extract_address_info
E   ModuleNotFoundError: No module named 'services'</failure></testcase><testcase classname="tests.test_getir_faz1_refactor.TestHelperFunctionsUnit" name="test_extract_address_info_constructed" time="0.000"><failure message="ModuleNotFoundError: No module named 'services'">tests/test_getir_faz1_refactor.py:75: in test_extract_address_info_constructed
    from services.getir_service import _extract_address_info
E   ModuleNotFoundError: No module named 'services'</failure></testcase><testcase classname="tests.test_getir_faz1_refactor.TestHelperFunctionsUnit" name="test_extract_items_basic" time="0.000"><failure message="ModuleNotFoundError: No module named 'services'">tests/test_getir_faz1_refactor.py:99: in test_extract_items_basic
    from services.getir_service import _extract_items
E   ModuleNotFoundError: No module named 'services'</failure></testcase><testcase classname="tests.test_getir_faz1_refactor.TestHelperFunctionsUnit" name="test_extract_items_with_options" time="0.000"><failure message="ModuleNotFoundError: No module named 'services'">tests/test_getir_faz1_refactor.py:129: in test_extract_items_with_options
    from services.getir_service import _extract_items
E   ModuleNotFoundError: No module named 'services'</failure></testcase><testcase classname="tests.test_getir_faz1_refactor.TestHelperFunctionsUnit" name="test_extract_items_multilang_name" time="0.000"><failure message="ModuleNotFoundError: No module named 'services'">tests/test_getir_faz1_refactor.py:156: in test_extract_items_multilang_name
    from services.getir_service import _extract_items
E   ModuleNotFoundError: No module named 'services'</failure></testcase><testcase classname="tests.test_getir_faz1_refactor.TestConvertGetirOrder" name="test_convert_basic_order" time="0.000"><failure message="Failed: async def functions are not natively supported.&#10;You need to install a suitable plugin for your async framework, for example:&#10;  - anyio&#10;  - pytest-asyncio&#10;  - pytest-tornasync&#10;  - pytest-trio&#10;  - pytest-twisted">async def functions are not natively supported.
You need to install a suitable plugin for your async framework, for example:
  - anyio
  - pytest-asyncio
  - pytest-tornasync
  - pytest-trio
  - pytest-twisted</failure></testcase><testcase classname="tests.test_getir_faz1_refactor.TestOrderEndpoints" name="test_admin_login" time="0.209"><failure message="AssertionError: Admin login failed: {&quot;detail&quot;:&quot;Not Found&quot;}&#10;assert 404 == 200&#10; +  where 404 = &lt;Response [404]&gt;.status_code">tests/test_getir_faz1_refactor.py:248: in test_admin_login
    assert response.status_code == 200, f"Admin login failed: {response.text}"
E   AssertionError: Admin login failed: {"detail":"Not Found"}
E   assert 404 == 200
E    +  where 404 = &lt;Response [404]&gt;.status_code</failure></testcase><testcase classname="tests.test_getir_faz1_refactor.TestOrderEndpoints" name="test_restaurant_login" time="0.136"><failure message="AssertionError: Restaurant login failed: {&quot;detail&quot;:&quot;Method Not Allowed&quot;}&#10;assert 405 == 200&#10; +  where 405 = &lt;Response [405]&gt;.status_code">tests/test_getir_faz1_refactor.py:258: in test_restaurant_login
    assert response.status_code == 200, f"Restaurant login failed: {response.text}"
E   AssertionError: Restaurant login failed: {"detail":"Method Not Allowed"}
E   assert 405 == 200
E    +  where 405 = &lt;Response [405]&gt;.status_code</failure></testcase><testcase classname="tests.test_getir_faz1_refactor.TestOrderEndpoints" name="test_get_orders_by_company" time="0.104"><failure message="assert 404 == 200&#10; +  where 404 = &lt;Response [404]&gt;.status_code">tests/test_getir_faz1_refactor.py:268: in test_get_orders_by_company
    assert login_response.status_code == 200
E   assert 404 == 200
E    +  where 404 = &lt;Response [404]&gt;.status_code</failure></testcase><testcase classname="tests.test_getir_faz1_refactor.TestOrderEndpoints" name="test_get_orders_by_company_with_status_filter" time="0.135"><failure message="assert 404 == 200&#10; +  where 404 = &lt;Response [404]&gt;.status_code">tests/test_getir_faz1_refactor.py:292: in test_get_orders_by_company_with_status_filter
    assert login_response.status_code == 200
E   assert 404 == 200
E    +  where 404 = &lt;Response [404]&gt;.status_code</failure></testcase><testcase classname="tests.test_getir_faz1_refactor.TestOrderEndpoints" name="test_get_orders_by_restaurant" time="0.145"><failure message="AssertionError: Restaurant login failed: {&quot;detail&quot;:&quot;Method Not Allowed&quot;}&#10;assert 405 == 200&#10; +  where 405 = &lt;Response [405]&gt;.status_code">tests/test_getir_faz1_refactor.py:308: in test_get_orders_by_restaurant
    assert login_response.status_code == 200, f"Restaurant login failed: {login_response.text}"
E   AssertionError: Restaurant login failed: {"detail":"Method Not Allowed"}
E   assert 405 == 200
E    +  where 405 = &lt;Response [405]&gt;.status_code</failure></testcase><testcase classname="tests.test_getir_faz1_refactor.TestOrderEndpoints" name="test_get_orders_by_restaurant_with_status" time="0.218"><failure message="assert 405 == 200&#10; +  where 405 = &lt;Response [405]&gt;.status_code">tests/test_getir_faz1_refactor.py:330: in test_get_orders_by_restaurant_with_status
    assert login_response.status_code == 200
E   assert 405 == 200
E    +  where 405 = &lt;Response [405]&gt;.status_code</failure></testcase><testcase classname="tests.test_getir_faz1_refactor.TestPaymentMethodMapping" name="test_map_getir_payment_numeric" time="0.000"><failure message="ModuleNotFoundError: No module named 'services'">tests/test_getir_faz1_refactor.py:353: in test_map_getir_payment_numeric
    from services.getir_service import map_getir_payment
E   ModuleNotFoundError: No module named 'services'</failure></testcase><testcase classname="tests.test_getir_faz1_refactor.TestPaymentMethodMapping" name="test_map_getir_payment_dict" time="0.000"><failure message="ModuleNotFoundError: No module named 'services'">tests/test_getir_faz1_refactor.py:362: in test_map_getir_payment_dict
    from services.getir_service import map_getir_payment
E   ModuleNotFoundError: No module named 'services'</failure></testcase><testcase classname="tests.test_getir_faz1_refactor.TestPaymentMethodMapping" name="test_get_payment_method_name" time="0.000"><failure message="ModuleNotFoundError: No module named 'services'">tests/test_getir_faz1_refactor.py:369: in test_get_payment_method_name
    from services.getir_service import get_payment_method_name
E   ModuleNotFoundError: No module named 'services'</failure></testcase><testcase classname="tests.test_getir_faz1_refactor.TestStatusMapping" name="test_map_getir_status_numeric" time="0.000"><failure message="ModuleNotFoundError: No module named 'services'">tests/test_getir_faz1_refactor.py:380: in test_map_getir_status_numeric
    from services.getir_service import map_getir_status
E   ModuleNotFoundError: No module named 'services'</failure></testcase><testcase classname="tests.test_getir_faz1_refactor.TestStatusMapping" name="test_map_getir_status_string" time="0.000"><failure message="ModuleNotFoundError: No module named 'services'">tests/test_getir_faz1_refactor.py:391: in test_map_getir_status_string
    from services.getir_service import map_getir_status
E   ModuleNotFoundError: No module named 'services'</failure></testcase></testsuite></testsuites>