<?xml version="1.0" encoding="utf-8"?><testsuites name="pytest tests"><testsuite name="pytest" errors="0" failures="0" skipped="0" tests="6" time="2.380" timestamp="2026-02-16T03:15:19.723223+00:00" hostname="agent-env-9993a199-c710-416f-bd9d-1b4f10747be1"><testcase classname="backend.tests.test_google_places_autocomplete.TestManualOrderWithCoordinates" name="test_create_order_with_coordinates" time="0.160" /><testcase classname="backend.tests.test_google_places_autocomplete.TestManualOrderWithCoordinates" name="test_create_order_without_coordinates" time="1.095" /><testcase classname="backend.tests.test_google_places_autocomplete.TestManualOrderWithCoordinates" name="test_coordinates_precision" time="0.138" /><testcase classname="backend.tests.test_google_places_autocomplete.TestOrderRetrievalWithCoordinates" name="test_get_restaurant_orders_includes_coordinates" time="0.139" /><testcase classname="backend.tests.test_google_places_autocomplete.TestDistanceCalculation" name="test_distance_calculated_on_delivery" time="0.123" /><testcase classname="backend.tests.test_google_places_autocomplete.TestCleanup" name="test_cleanup_test_orders" time="0.654" /></testsuite></testsuites>