<?xml version="1.0" encoding="utf-8"?><testsuites name="pytest tests"><testsuite name="pytest" errors="0" failures="0" skipped="0" tests="12" time="1.734" timestamp="2026-02-18T12:58:54.552740+00:00" hostname="agent-env-48892ab4-cf88-4b91-afce-af66d4f2c736"><testcase classname="backend.tests.test_integration_stores.TestIntegrationStoresAPI" name="test_get_all_stores" time="0.253" /><testcase classname="backend.tests.test_integration_stores.TestIntegrationStoresAPI" name="test_get_stores_summary" time="0.054" /><testcase classname="backend.tests.test_integration_stores.TestIntegrationStoresAPI" name="test_create_getir_store" time="0.060" /><testcase classname="backend.tests.test_integration_stores.TestIntegrationStoresAPI" name="test_create_trendyol_store" time="0.056" /><testcase classname="backend.tests.test_integration_stores.TestIntegrationStoresAPI" name="test_create_yemeksepeti_store" time="0.060" /><testcase classname="backend.tests.test_integration_stores.TestIntegrationStoresAPI" name="test_update_store" time="0.178" /><testcase classname="backend.tests.test_integration_stores.TestIntegrationStoresAPI" name="test_delete_store" time="0.168" /><testcase classname="backend.tests.test_integration_stores.TestIntegrationStoresAPI" name="test_create_multiple_stores_same_platform" time="0.169" /><testcase classname="backend.tests.test_integration_stores.TestIntegrationStoresAPI" name="test_invalid_platform" time="0.049" /><testcase classname="backend.tests.test_integration_stores.TestIntegrationStoresAPI" name="test_restaurant_not_found" time="0.064" /><testcase classname="backend.tests.test_integration_stores.TestStoreStatusAPI" name="test_status_update_requires_connection" time="0.124" /><testcase classname="backend.tests.test_integration_stores.TestCleanup" name="test_cleanup_test_stores" time="0.396" /></testsuite></testsuites>