<?xml version="1.0" encoding="utf-8"?><testsuites name="pytest tests"><testsuite name="pytest" errors="0" failures="0" skipped="0" tests="24" time="1.769" timestamp="2026-01-18T00:33:19.999055+00:00" hostname="agent-env-bbf927fa-77d0-440a-9818-6af81b6e5622"><testcase classname="tests.test_jetpuan_api.TestJetPuanSettings" name="test_get_settings" time="0.094" /><testcase classname="tests.test_jetpuan_api.TestJetPuanSettings" name="test_update_settings" time="0.085" /><testcase classname="tests.test_jetpuan_api.TestJetPuanCategories" name="test_get_categories" time="0.014" /><testcase classname="tests.test_jetpuan_api.TestJetPuanCategories" name="test_create_category" time="0.104" /><testcase classname="tests.test_jetpuan_api.TestJetPuanCategories" name="test_create_duplicate_category" time="0.019" /><testcase classname="tests.test_jetpuan_api.TestJetPuanCategories" name="test_update_category" time="0.073" /><testcase classname="tests.test_jetpuan_api.TestJetPuanCategories" name="test_delete_category" time="0.073" /><testcase classname="tests.test_jetpuan_api.TestJetPuanProducts" name="test_get_products" time="0.051" /><testcase classname="tests.test_jetpuan_api.TestJetPuanProducts" name="test_get_products_by_category" time="0.065" /><testcase classname="tests.test_jetpuan_api.TestJetPuanProducts" name="test_create_product" time="0.091" /><testcase classname="tests.test_jetpuan_api.TestJetPuanProducts" name="test_create_product_invalid_category" time="0.014" /><testcase classname="tests.test_jetpuan_api.TestJetPuanProducts" name="test_update_product" time="0.081" /><testcase classname="tests.test_jetpuan_api.TestJetPuanProducts" name="test_delete_product" time="0.077" /><testcase classname="tests.test_jetpuan_api.TestJetPuanBalance" name="test_get_courier_balance" time="0.010" /><testcase classname="tests.test_jetpuan_api.TestJetPuanBalance" name="test_get_courier_transactions" time="0.050" /><testcase classname="tests.test_jetpuan_api.TestJetPuanOrders" name="test_get_admin_orders" time="0.011" /><testcase classname="tests.test_jetpuan_api.TestJetPuanOrders" name="test_get_admin_orders_by_status" time="0.050" /><testcase classname="tests.test_jetpuan_api.TestJetPuanOrders" name="test_get_courier_orders" time="0.011" /><testcase classname="tests.test_jetpuan_api.TestJetPuanOrders" name="test_create_order_insufficient_balance" time="0.112" /><testcase classname="tests.test_jetpuan_api.TestJetPuanOrders" name="test_create_order_empty_cart" time="0.055" /><testcase classname="tests.test_jetpuan_api.TestJetPuanOrders" name="test_create_order_invalid_product" time="0.010" /><testcase classname="tests.test_jetpuan_api.TestHakedisAutoPuan" name="test_hakedis_credits_jetpuan" time="0.090" /><testcase classname="tests.test_jetpuan_api.TestOrderLifecycle" name="test_order_deliver_flow" time="0.241" /><testcase classname="tests.test_jetpuan_api.TestOrderLifecycle" name="test_order_cancel_flow" time="0.189" /></testsuite></testsuites>