<?xml version="1.0" encoding="utf-8"?><testsuites name="pytest tests"><testsuite name="pytest" errors="0" failures="0" skipped="0" tests="24" time="2.166" timestamp="2026-01-18T21:40:16.889714+00:00" hostname="agent-env-14c2da28-ac65-453b-b12d-c871a9dfe044"><testcase classname="tests.test_jetpuan_api.TestJetPuanSettings" name="test_get_settings" time="0.067" /><testcase classname="tests.test_jetpuan_api.TestJetPuanSettings" name="test_update_settings" time="0.123" /><testcase classname="tests.test_jetpuan_api.TestJetPuanCategories" name="test_get_categories" time="0.011" /><testcase classname="tests.test_jetpuan_api.TestJetPuanCategories" name="test_create_category" time="0.104" /><testcase classname="tests.test_jetpuan_api.TestJetPuanCategories" name="test_create_duplicate_category" time="0.057" /><testcase classname="tests.test_jetpuan_api.TestJetPuanCategories" name="test_update_category" time="0.067" /><testcase classname="tests.test_jetpuan_api.TestJetPuanCategories" name="test_delete_category" time="0.108" /><testcase classname="tests.test_jetpuan_api.TestJetPuanProducts" name="test_get_products" time="0.051" /><testcase classname="tests.test_jetpuan_api.TestJetPuanProducts" name="test_get_products_by_category" time="0.058" /><testcase classname="tests.test_jetpuan_api.TestJetPuanProducts" name="test_create_product" time="0.163" /><testcase classname="tests.test_jetpuan_api.TestJetPuanProducts" name="test_create_product_invalid_category" time="0.049" /><testcase classname="tests.test_jetpuan_api.TestJetPuanProducts" name="test_update_product" time="0.155" /><testcase classname="tests.test_jetpuan_api.TestJetPuanProducts" name="test_delete_product" time="0.115" /><testcase classname="tests.test_jetpuan_api.TestJetPuanBalance" name="test_get_courier_balance" time="0.012" /><testcase classname="tests.test_jetpuan_api.TestJetPuanBalance" name="test_get_courier_transactions" time="0.011" /><testcase classname="tests.test_jetpuan_api.TestJetPuanOrders" name="test_get_admin_orders" time="0.009" /><testcase classname="tests.test_jetpuan_api.TestJetPuanOrders" name="test_get_admin_orders_by_status" time="0.050" /><testcase classname="tests.test_jetpuan_api.TestJetPuanOrders" name="test_get_courier_orders" time="0.009" /><testcase classname="tests.test_jetpuan_api.TestJetPuanOrders" name="test_create_order_insufficient_balance" time="0.149" /><testcase classname="tests.test_jetpuan_api.TestJetPuanOrders" name="test_create_order_empty_cart" time="0.008" /><testcase classname="tests.test_jetpuan_api.TestJetPuanOrders" name="test_create_order_invalid_product" time="0.049" /><testcase classname="tests.test_jetpuan_api.TestHakedisAutoPuan" name="test_hakedis_credits_jetpuan" time="0.131" /><testcase classname="tests.test_jetpuan_api.TestOrderLifecycle" name="test_order_deliver_flow" time="0.274" /><testcase classname="tests.test_jetpuan_api.TestOrderLifecycle" name="test_order_cancel_flow" time="0.226" /></testsuite></testsuites>