<?xml version="1.0" encoding="utf-8"?><testsuites name="pytest tests"><testsuite name="pytest" errors="0" failures="0" skipped="1" tests="12" time="4.724" timestamp="2026-03-29T16:11:56.862681+00:00" hostname="agent-env-9e51e4ae-6121-474f-b4bf-4c201636f9a2"><testcase classname="backend.tests.test_jwt_bypass_and_poll.TestCourierLogin" name="test_courier_login_success" time="0.520" /><testcase classname="backend.tests.test_jwt_bypass_and_poll.TestCourierLogin" name="test_courier_login_invalid_credentials" time="0.155" /><testcase classname="backend.tests.test_jwt_bypass_and_poll.TestLocationEndpointNoJWT" name="test_location_update_without_jwt" time="0.457" /><testcase classname="backend.tests.test_jwt_bypass_and_poll.TestLocationEndpointNoJWT" name="test_location_update_with_battery_without_jwt" time="0.509" /><testcase classname="backend.tests.test_jwt_bypass_and_poll.TestLocationEndpointNoJWT" name="test_location_update_nonexistent_courier" time="0.122" /><testcase classname="backend.tests.test_jwt_bypass_and_poll.TestPollEndpointWithJWT" name="test_poll_without_jwt_returns_401" time="0.463" /><testcase classname="backend.tests.test_jwt_bypass_and_poll.TestPollEndpointWithJWT" name="test_poll_with_jwt_returns_combined_data" time="0.450" /><testcase classname="backend.tests.test_jwt_bypass_and_poll.TestPollEndpointWithJWT" name="test_poll_with_session_id" time="0.432" /><testcase classname="backend.tests.test_jwt_bypass_and_poll.TestExistingJWTProtectedEndpoints" name="test_get_courier_without_jwt_returns_401" time="0.468" /><testcase classname="backend.tests.test_jwt_bypass_and_poll.TestExistingJWTProtectedEndpoints" name="test_get_break_status_without_jwt_returns_401" time="0.495" /><testcase classname="backend.tests.test_jwt_bypass_and_poll.TestExistingJWTProtectedEndpoints" name="test_put_availability_without_jwt_returns_401" time="0.448" /><testcase classname="backend.tests.test_jwt_bypass_and_poll.TestDataPersistence" name="test_location_persisted_to_db" time="0.102"><skipped type="pytest.skip" message="Could not login">/app/backend/tests/test_jwt_bypass_and_poll.py:286: Could not login</skipped></testcase></testsuite></testsuites>