<?xml version="1.0" encoding="utf-8"?><testsuites name="pytest tests"><testsuite name="pytest" errors="0" failures="0" skipped="0" tests="9" time="71.667" timestamp="2026-03-30T20:40:49.453757+00:00" hostname="agent-env-9e51e4ae-6121-474f-b4bf-4c201636f9a2"><testcase classname="tests.test_load_test_api.TestLoadTestAPI" name="test_get_status_initial" time="0.188" /><testcase classname="tests.test_load_test_api.TestLoadTestAPI" name="test_cleanup_endpoint" time="0.147" /><testcase classname="tests.test_load_test_api.TestLoadTestAPI" name="test_start_load_test_with_10_couriers_15_seconds" time="18.603" /><testcase classname="tests.test_load_test_api.TestLoadTestAPI" name="test_stop_running_test" time="13.423" /><testcase classname="tests.test_load_test_api.TestLoadTestAPI" name="test_stop_when_not_running" time="0.301" /><testcase classname="tests.test_load_test_api.TestLoadTestAPI" name="test_start_when_already_running" time="12.617" /><testcase classname="tests.test_load_test_api.TestLoadTestDataCleanup" name="test_no_loadtest_data_remains_after_test" time="13.104" /><testcase classname="tests.test_load_test_api.TestLoadTestMetrics" name="test_metrics_structure" time="13.086" /><testcase classname="tests.test_load_test_api.TestLoadTestMetrics" name="test_endpoint_metrics_detail" time="0.099" /></testsuite></testsuites>