<?xml version="1.0" encoding="utf-8"?><testsuites name="pytest tests"><testsuite name="pytest" errors="0" failures="0" skipped="0" tests="12" time="2.034" timestamp="2026-02-16T02:34:24.528845+00:00" hostname="agent-env-6a8324f1-110c-43da-87b5-f3ce51014025"><testcase classname="backend.tests.test_manual_orders.TestRestaurantUserLogin" name="test_restaurant_login_success" time="0.242" /><testcase classname="backend.tests.test_manual_orders.TestProductsAPI" name="test_get_products_for_restaurant" time="0.152" /><testcase classname="backend.tests.test_manual_orders.TestManualOrderCreation" name="test_create_normal_order_success" time="0.113" /><testcase classname="backend.tests.test_manual_orders.TestManualOrderCreation" name="test_create_order_validates_required_fields" time="0.145" /><testcase classname="backend.tests.test_manual_orders.TestManualOrderCreation" name="test_create_order_calculates_total_correctly" time="0.110" /><testcase classname="backend.tests.test_manual_orders.TestManualOrderCreation" name="test_create_order_different_payment_methods" time="0.300" /><testcase classname="backend.tests.test_manual_orders.TestScheduledOrderCreation" name="test_create_scheduled_order_success" time="0.171" /><testcase classname="backend.tests.test_manual_orders.TestScheduledOrderCreation" name="test_scheduled_order_status_history" time="0.117" /><testcase classname="backend.tests.test_manual_orders.TestOrderRetrieval" name="test_get_orders_by_restaurant" time="0.126" /><testcase classname="backend.tests.test_manual_orders.TestOrderRetrieval" name="test_orders_have_correct_fields" time="0.120" /><testcase classname="backend.tests.test_manual_orders.TestOrderStatusUpdate" name="test_update_scheduled_to_preparing" time="0.202" /><testcase classname="backend.tests.test_manual_orders.TestCleanup" name="test_cleanup_test_orders" time="0.154" /></testsuite></testsuites>