<?xml version="1.0" encoding="utf-8"?><testsuites name="pytest tests"><testsuite name="pytest" errors="0" failures="0" skipped="0" tests="12" time="4.496" timestamp="2026-02-15T23:38:39.308486+00:00" hostname="agent-env-e6758243-38f7-452f-9d7d-4dfe7308d32f"><testcase classname="tests.test_mixed_payments.TestHealthCheck" name="test_api_health" time="0.225" /><testcase classname="tests.test_mixed_payments.TestAdminAuth" name="test_admin_login_success" time="0.176" /><testcase classname="tests.test_mixed_payments.TestAdminAuth" name="test_admin_login_invalid" time="1.483" /><testcase classname="tests.test_mixed_payments.TestCourierAuth" name="test_courier_login_success" time="0.128" /><testcase classname="tests.test_mixed_payments.TestCourierAuth" name="test_courier_login_invalid" time="0.129" /><testcase classname="tests.test_mixed_payments.TestCourierPaymentReport" name="test_payment_report_returns_data" time="0.230" /><testcase classname="tests.test_mixed_payments.TestCourierPaymentReport" name="test_split_payment_appears_in_both_lists" time="0.284" /><testcase classname="tests.test_mixed_payments.TestCourierPaymentReport" name="test_payment_report_structure" time="0.248" /><testcase classname="tests.test_mixed_payments.TestDailyMutabakatCourierOrders" name="test_get_couriers_for_date" time="0.370" /><testcase classname="tests.test_mixed_payments.TestDailyMutabakatCourierOrders" name="test_get_courier_orders_for_date" time="0.427" /><testcase classname="tests.test_mixed_payments.TestDailyMutabakatCourierOrders" name="test_courier_orders_include_split_payments" time="0.354" /><testcase classname="tests.test_mixed_payments.TestCourierReport" name="test_courier_report_with_split_payments" time="0.351" /></testsuite></testsuites>