<?xml version="1.0" encoding="utf-8"?><testsuites name="pytest tests"><testsuite name="pytest" errors="0" failures="0" skipped="0" tests="17" time="1.823" timestamp="2026-01-15T23:00:51.725178+00:00" hostname="agent-env-09e9c12f-8c83-4937-8de4-815a7492d895"><testcase classname="tests.test_muhasebe_api.TestAPIHealth" name="test_api_health" time="0.065" /><testcase classname="tests.test_muhasebe_api.TestAdminLogin" name="test_admin_login_success" time="0.039" /><testcase classname="tests.test_muhasebe_api.TestCourierTransactions" name="test_get_company_couriers" time="0.042" /><testcase classname="tests.test_muhasebe_api.TestCourierTransactions" name="test_get_courier_transactions_empty" time="0.085" /><testcase classname="tests.test_muhasebe_api.TestCourierTransactions" name="test_create_courier_payment_in" time="0.187" /><testcase classname="tests.test_muhasebe_api.TestCourierTransactions" name="test_create_courier_payment_out" time="0.142" /><testcase classname="tests.test_muhasebe_api.TestCourierTransactions" name="test_create_courier_hakedis_transaction" time="0.114" /><testcase classname="tests.test_muhasebe_api.TestBusinesses" name="test_get_businesses" time="0.035" /><testcase classname="tests.test_muhasebe_api.TestBusinesses" name="test_create_business" time="0.040" /><testcase classname="tests.test_muhasebe_api.TestBusinesses" name="test_create_and_delete_business" time="0.111" /><testcase classname="tests.test_muhasebe_api.TestBusinesses" name="test_business_transactions" time="0.252" /><testcase classname="tests.test_muhasebe_api.TestVendors" name="test_get_vendors" time="0.036" /><testcase classname="tests.test_muhasebe_api.TestVendors" name="test_create_vendor" time="0.038" /><testcase classname="tests.test_muhasebe_api.TestVendors" name="test_create_and_delete_vendor" time="0.150" /><testcase classname="tests.test_muhasebe_api.TestVendors" name="test_vendor_transactions" time="0.199" /><testcase classname="tests.test_muhasebe_api.TestTransactionValidation" name="test_transaction_required_fields" time="0.039" /><testcase classname="tests.test_muhasebe_api.TestTransactionValidation" name="test_transaction_types" time="0.115" /></testsuite></testsuites>