<?xml version="1.0" encoding="utf-8"?><testsuites name="pytest tests"><testsuite name="pytest" errors="0" failures="0" skipped="6" tests="22" time="7.226" timestamp="2026-02-20T22:32:39.882601+00:00" hostname="agent-env-05721f81-6013-40ed-ad6d-31dc7097704c"><testcase classname="backend.tests.test_orders_v2_unified.TestOrdersV2UnifiedEndpoint" name="test_invalid_panel_returns_400" time="0.508" /><testcase classname="backend.tests.test_orders_v2_unified.TestOrdersV2UnifiedEndpoint" name="test_missing_panel_returns_422" time="0.399" /><testcase classname="backend.tests.test_orders_v2_unified.TestOrdersV2UnifiedEndpoint" name="test_admin_panel_requires_company_id" time="0.306" /><testcase classname="backend.tests.test_orders_v2_unified.TestOrdersV2UnifiedEndpoint" name="test_admin_panel_with_company_id" time="0.346" /><testcase classname="backend.tests.test_orders_v2_unified.TestOrdersV2UnifiedEndpoint" name="test_admin_panel_with_status_filter" time="0.382" /><testcase classname="backend.tests.test_orders_v2_unified.TestOrdersV2UnifiedEndpoint" name="test_admin_panel_active_status" time="0.328" /><testcase classname="backend.tests.test_orders_v2_unified.TestOrdersV2UnifiedEndpoint" name="test_admin_panel_pagination" time="0.451" /><testcase classname="backend.tests.test_orders_v2_unified.TestOrdersV2UnifiedEndpoint" name="test_restaurant_panel_requires_restaurant_id" time="0.377" /><testcase classname="backend.tests.test_orders_v2_unified.TestOrdersV2UnifiedEndpoint" name="test_restaurant_panel_with_restaurant_id" time="0.316" /><testcase classname="backend.tests.test_orders_v2_unified.TestOrdersV2UnifiedEndpoint" name="test_restaurant_panel_with_status_filter" time="0.404" /><testcase classname="backend.tests.test_orders_v2_unified.TestOrdersV2UnifiedEndpoint" name="test_courier_panel_requires_courier_id" time="0.322" /><testcase classname="backend.tests.test_orders_v2_unified.TestOrdersV2UnifiedEndpoint" name="test_courier_panel_with_courier_id" time="0.329"><skipped type="pytest.skip" message="No courier found for testing">/app/backend/tests/test_orders_v2_unified.py:243: No courier found for testing</skipped></testcase><testcase classname="backend.tests.test_orders_v2_unified.TestOrdersV2UnifiedEndpoint" name="test_courier_panel_default_active_status" time="0.329"><skipped type="pytest.skip" message="No courier found for testing">/app/backend/tests/test_orders_v2_unified.py:266: No courier found for testing</skipped></testcase><testcase classname="backend.tests.test_orders_v2_unified.TestOrdersV2UnifiedEndpoint" name="test_admin_panel_with_restaurant_filter" time="0.370" /><testcase classname="backend.tests.test_orders_v2_unified.TestOrdersV2UnifiedEndpoint" name="test_admin_panel_with_courier_filter" time="0.315"><skipped type="pytest.skip" message="No company or courier found for testing">/app/backend/tests/test_orders_v2_unified.py:306: No company or courier found for testing</skipped></testcase><testcase classname="backend.tests.test_orders_v2_unified.TestOrdersV2UnifiedEndpoint" name="test_source_filter" time="0.293" /><testcase classname="backend.tests.test_orders_v2_unified.TestOrdersV2UnifiedEndpoint" name="test_multiple_source_filter" time="0.347" /><testcase classname="backend.tests.test_orders_v2_unified.TestFrontendIntegrationEndpoint" name="test_restaurant_login_and_fetch_orders" time="0.144"><skipped type="pytest.skip" message="Restaurant login failed: {&quot;detail&quot;:&quot;Not Found&quot;}">/app/backend/tests/test_orders_v2_unified.py:378: Restaurant login failed: {"detail":"Not Found"}</skipped></testcase><testcase classname="backend.tests.test_orders_v2_unified.TestFrontendIntegrationEndpoint" name="test_admin_login_and_fetch_orders" time="0.130"><skipped type="pytest.skip" message="Admin login failed: {&quot;detail&quot;:&quot;Not Found&quot;}">/app/backend/tests/test_orders_v2_unified.py:410: Admin login failed: {"detail":"Not Found"}</skipped></testcase><testcase classname="backend.tests.test_orders_v2_unified.TestFrontendIntegrationEndpoint" name="test_courier_fetch_orders" time="0.189"><skipped type="pytest.skip" message="No couriers found">/app/backend/tests/test_orders_v2_unified.py:445: No couriers found</skipped></testcase><testcase classname="backend.tests.test_orders_v2_unified.TestBackwardCompatibility" name="test_old_company_orders_endpoint" time="0.291" /><testcase classname="backend.tests.test_orders_v2_unified.TestBackwardCompatibility" name="test_old_restaurant_orders_endpoint" time="0.258" /></testsuite></testsuites>