<?xml version="1.0" encoding="utf-8"?><testsuites name="pytest tests"><testsuite name="pytest" errors="0" failures="0" skipped="0" tests="17" time="10.346" timestamp="2026-02-20T21:53:53.912446+00:00" hostname="agent-env-05721f81-6013-40ed-ad6d-31dc7097704c"><testcase classname="backend.tests.test_orders_refactor_faz2.TestAdminLogin" name="test_admin_login" time="0.278" /><testcase classname="backend.tests.test_orders_refactor_faz2.TestRestaurantLogin" name="test_restaurant_login" time="0.124" /><testcase classname="backend.tests.test_orders_refactor_faz2.TestAdminStatusEndpoint" name="test_admin_status_endpoint_preparing" time="0.616" /><testcase classname="backend.tests.test_orders_refactor_faz2.TestAdminStatusEndpoint" name="test_admin_status_endpoint_ready" time="0.814" /><testcase classname="backend.tests.test_orders_refactor_faz2.TestAdminStatusEndpoint" name="test_admin_status_endpoint_cancelled" time="0.661" /><testcase classname="backend.tests.test_orders_refactor_faz2.TestAdminStatusEndpoint" name="test_admin_status_invalid_status" time="0.373" /><testcase classname="backend.tests.test_orders_refactor_faz2.TestAdminStatusEndpoint" name="test_admin_status_courier_only_status_rejected" time="0.666" /><testcase classname="backend.tests.test_orders_refactor_faz2.TestRestaurantStatusEndpoint" name="test_restaurant_status_preparing" time="0.634" /><testcase classname="backend.tests.test_orders_refactor_faz2.TestRestaurantStatusEndpoint" name="test_restaurant_status_ready" time="0.779" /><testcase classname="backend.tests.test_orders_refactor_faz2.TestAdminAssignEndpoint" name="test_assign_courier" time="0.923" /><testcase classname="backend.tests.test_orders_refactor_faz2.TestAdminAssignEndpoint" name="test_assign_invalid_courier" time="0.783" /><testcase classname="backend.tests.test_orders_refactor_faz2.TestAdminAssignEndpoint" name="test_assign_to_nonexistent_order" time="0.417" /><testcase classname="backend.tests.test_orders_refactor_faz2.TestAdminUnassignEndpoint" name="test_unassign_courier" time="1.270" /><testcase classname="backend.tests.test_orders_refactor_faz2.TestAdminUnassignEndpoint" name="test_unassign_no_courier" time="0.973" /><testcase classname="backend.tests.test_orders_refactor_faz2.TestOrderListEndpoints" name="test_admin_order_list" time="0.380" /><testcase classname="backend.tests.test_orders_refactor_faz2.TestOrderListEndpoints" name="test_restaurant_order_list" time="0.257" /><testcase classname="backend.tests.test_orders_refactor_faz2.TestCleanup" name="test_cleanup_mock_orders" time="0.322" /></testsuite></testsuites>