<?xml version="1.0" encoding="utf-8"?><testsuites name="pytest tests"><testsuite name="pytest" errors="0" failures="0" skipped="3" tests="11" time="4.388" timestamp="2026-02-20T21:41:35.899807+00:00" hostname="agent-env-05721f81-6013-40ed-ad6d-31dc7097704c"><testcase classname="backend.tests.test_order_status_refactor.TestAuthFlows" name="test_restaurant_login_success" time="0.231" /><testcase classname="backend.tests.test_order_status_refactor.TestAuthFlows" name="test_admin_login_success" time="0.190" /><testcase classname="backend.tests.test_order_status_refactor.TestAuthFlows" name="test_restaurant_login_invalid_credentials" time="0.158" /><testcase classname="backend.tests.test_order_status_refactor.TestOrderStatusEndpoint" name="test_update_status_to_preparing" time="0.503"><skipped type="pytest.skip" message="No test order available">/app/backend/tests/test_order_status_refactor.py:90: No test order available</skipped></testcase><testcase classname="backend.tests.test_order_status_refactor.TestOrderStatusEndpoint" name="test_update_status_to_ready" time="0.773" /><testcase classname="backend.tests.test_order_status_refactor.TestOrderStatusEndpoint" name="test_update_status_to_cancelled" time="0.496"><skipped type="pytest.skip" message="No test order available">/app/backend/tests/test_order_status_refactor.py:131: No test order available</skipped></testcase><testcase classname="backend.tests.test_order_status_refactor.TestOrderStatusEndpoint" name="test_invalid_status_rejected" time="0.138" /><testcase classname="backend.tests.test_order_status_refactor.TestRestaurantOrderList" name="test_get_restaurant_orders" time="0.284" /><testcase classname="backend.tests.test_order_status_refactor.TestRestaurantOrderList" name="test_get_restaurant_orders_with_status_filter" time="0.896" /><testcase classname="backend.tests.test_order_status_refactor.TestCourierEndpoints" name="test_get_courier_active_orders" time="0.275" /><testcase classname="backend.tests.test_order_status_refactor.TestStatusHistory" name="test_status_history_created" time="0.362"><skipped type="pytest.skip" message="No orders available for testing">/app/backend/tests/test_order_status_refactor.py:245: No orders available for testing</skipped></testcase></testsuite></testsuites>