<?xml version="1.0" encoding="utf-8"?><testsuites name="pytest tests"><testsuite name="pytest" errors="0" failures="0" skipped="0" tests="18" time="1.369" timestamp="2026-05-07T01:16:17.594297+00:00" hostname="agent-env-9e51e4ae-6121-474f-b4bf-4c201636f9a2"><testcase classname="tests.test_payout_full_pytest" name="test_credit_earning_basic_and_idempotent" time="0.012" /><testcase classname="tests.test_payout_full_pytest" name="test_credit_earning_skips_when_no_courier_or_fee" time="0.006" /><testcase classname="tests.test_payout_full_pytest" name="test_revert_earning_on_cancel" time="0.008" /><testcase classname="tests.test_payout_full_pytest" name="test_balance_aggregation_includes_earning" time="0.012" /><testcase classname="tests.test_payout_full_pytest" name="test_can_request_low_balance_blocks" time="0.011" /><testcase classname="tests.test_payout_full_pytest" name="test_can_request_active_percent_installment_returned" time="0.019" /><testcase classname="tests.test_payout_full_pytest" name="test_create_payout_min_amount_rejected" time="0.017" /><testcase classname="tests.test_payout_full_pytest" name="test_create_payout_non_pdf_rejected" time="0.013" /><testcase classname="tests.test_payout_full_pytest" name="test_create_payout_above_balance_rejected" time="0.020" /><testcase classname="tests.test_payout_full_pytest" name="test_cooldown_blocks_second_request_within_24h" time="0.009" /><testcase classname="tests.test_payout_full_pytest" name="test_mutabakat_blocker_when_unprocessed_orders" time="0.029" /><testcase classname="tests.test_payout_full_pytest" name="test_approve_with_percent_installment" time="0.239" /><testcase classname="tests.test_payout_full_pytest" name="test_approve_cannot_exceed_requested" time="0.151" /><testcase classname="tests.test_payout_full_pytest" name="test_approve_double_rejected" time="0.157" /><testcase classname="tests.test_payout_full_pytest" name="test_approve_deduction_capped_to_remaining" time="0.173" /><testcase classname="tests.test_payout_full_pytest" name="test_company_payout_list_with_status_filter" time="0.010" /><testcase classname="tests.test_payout_full_pytest" name="test_fixed_installment_not_picked_as_active_percent" time="0.007" /><testcase classname="tests.test_payout_full_pytest" name="test_order_delivered_hook_writes_earning" time="0.010" /></testsuite></testsuites>