<?xml version="1.0" encoding="utf-8"?><testsuites name="pytest tests"><testsuite name="pytest" errors="0" failures="2" skipped="0" tests="12" time="3.681" timestamp="2026-01-20T01:43:52.412421+00:00" hostname="agent-env-3f7cb7b5-386b-478e-be41-0fb56d1de705"><testcase classname="tests.test_permission_auto_logout.TestPermissionAutoLogout" name="test_01_admin_login_before_permission_update" time="0.057" /><testcase classname="tests.test_permission_auto_logout.TestPermissionAutoLogout" name="test_02_superadmin_login" time="0.042" /><testcase classname="tests.test_permission_auto_logout.TestPermissionAutoLogout" name="test_03_get_admin_id" time="0.040" /><testcase classname="tests.test_permission_auto_logout.TestPermissionAutoLogout" name="test_04_check_permissions_before_update" time="0.109"><failure message="AssertionError: Should not be updated when timestamp matches&#10;assert True == False">tests/test_permission_auto_logout.py:81: in test_04_check_permissions_before_update
    assert data["updated"] == False, "Should not be updated when timestamp matches"
E   AssertionError: Should not be updated when timestamp matches
E   assert True == False</failure></testcase><testcase classname="tests.test_permission_auto_logout.TestPermissionAutoLogout" name="test_05_update_permissions_and_verify_timestamp_changes" time="1.183" /><testcase classname="tests.test_permission_auto_logout.TestPermissionAutoLogout" name="test_06_check_permissions_detects_update" time="0.068" /><testcase classname="tests.test_permission_auto_logout.TestPermissionAutoLogout" name="test_07_password_not_affected_by_permission_update" time="0.107" /><testcase classname="tests.test_permission_auto_logout.TestPermissionAutoLogout" name="test_08_superadmin_check_permissions_not_applicable" time="0.105" /><testcase classname="tests.test_permission_auto_logout.TestPermissionAutoLogout" name="test_09_multiple_permission_updates_same_password" time="1.682" /><testcase classname="tests.test_permission_auto_logout.TestCheckPermissionsEndpoint" name="test_check_permissions_with_no_timestamp" time="0.064" /><testcase classname="tests.test_permission_auto_logout.TestCheckPermissionsEndpoint" name="test_check_permissions_with_matching_timestamp" time="0.114"><failure message="assert True == False">tests/test_permission_auto_logout.py:263: in test_check_permissions_with_matching_timestamp
    assert data["updated"] == False
E   assert True == False</failure></testcase><testcase classname="tests.test_permission_auto_logout.TestCheckPermissionsEndpoint" name="test_check_permissions_invalid_admin_id" time="0.034" /></testsuite></testsuites>