<?xml version="1.0" encoding="utf-8"?><testsuites name="pytest tests"><testsuite name="pytest" errors="0" failures="6" skipped="0" tests="35" time="1.885" timestamp="2026-01-19T22:39:25.963571+00:00" hostname="agent-env-7b3286d6-fa2d-4964-aa86-ecb22b7bd8bb"><testcase classname="tests.test_permission_enforcement.TestPermissionEnforcementNoHeader" name="test_businesses_without_header_returns_401" time="0.074" /><testcase classname="tests.test_permission_enforcement.TestPermissionEnforcementNoHeader" name="test_vendors_without_header_returns_401" time="0.043" /><testcase classname="tests.test_permission_enforcement.TestPermissionEnforcementNoHeader" name="test_shifts_without_header_returns_401" time="0.066" /><testcase classname="tests.test_permission_enforcement.TestPermissionEnforcementNoHeader" name="test_product_types_without_header_returns_401" time="0.052" /><testcase classname="tests.test_permission_enforcement.TestPermissionEnforcementNoHeader" name="test_products_without_header_returns_401" time="0.040" /><testcase classname="tests.test_permission_enforcement.TestPermissionEnforcementNoHeader" name="test_academy_trainings_without_header_returns_401" time="0.045" /><testcase classname="tests.test_permission_enforcement.TestPermissionEnforcementNoHeader" name="test_backup_export_without_header_returns_401" time="0.039" /><testcase classname="tests.test_permission_enforcement.TestPermissionEnforcementNoHeader" name="test_jetpuan_orders_admin_without_header_returns_401" time="0.040" /><testcase classname="tests.test_permission_enforcement.TestSuperadminAccess" name="test_superadmin_can_access_businesses" time="0.057" /><testcase classname="tests.test_permission_enforcement.TestSuperadminAccess" name="test_superadmin_can_access_vendors" time="0.054" /><testcase classname="tests.test_permission_enforcement.TestSuperadminAccess" name="test_superadmin_can_access_shifts" time="0.040" /><testcase classname="tests.test_permission_enforcement.TestSuperadminAccess" name="test_superadmin_can_access_product_types" time="0.041" /><testcase classname="tests.test_permission_enforcement.TestSuperadminAccess" name="test_superadmin_can_access_products" time="0.062" /><testcase classname="tests.test_permission_enforcement.TestSuperadminAccess" name="test_superadmin_can_access_academy_trainings" time="0.056" /><testcase classname="tests.test_permission_enforcement.TestSuperadminAccess" name="test_superadmin_can_access_shift_assignments" time="0.042" /><testcase classname="tests.test_permission_enforcement.TestSuperadminAccess" name="test_superadmin_can_access_leaves" time="0.047" /><testcase classname="tests.test_permission_enforcement.TestSuperadminAccess" name="test_superadmin_can_access_jetpuan_orders" time="0.045" /><testcase classname="tests.test_permission_enforcement.TestSuperadminAccess" name="test_superadmin_can_access_backup_schedule" time="0.040" /><testcase classname="tests.test_permission_enforcement.TestAdminWithoutPermissions" name="test_admin_without_muhasebe_view_cannot_access_businesses" time="0.038" /><testcase classname="tests.test_permission_enforcement.TestAdminWithoutPermissions" name="test_admin_without_muhasebe_view_cannot_access_vendors" time="0.038" /><testcase classname="tests.test_permission_enforcement.TestAdminWithoutPermissions" name="test_admin_without_vardiya_view_cannot_access_shifts" time="0.042"><failure message="assert 200 == 403&#10; +  where 200 = &lt;Response [200]&gt;.status_code">tests/test_permission_enforcement.py:205: in test_admin_without_vardiya_view_cannot_access_shifts
    assert response.status_code == 403
E   assert 200 == 403
E    +  where 200 = &lt;Response [200]&gt;.status_code</failure></testcase><testcase classname="tests.test_permission_enforcement.TestAdminWithoutPermissions" name="test_admin_without_zimmet_view_cannot_access_products" time="0.045"><failure message="assert 200 == 403&#10; +  where 200 = &lt;Response [200]&gt;.status_code">tests/test_permission_enforcement.py:215: in test_admin_without_zimmet_view_cannot_access_products
    assert response.status_code == 403
E   assert 200 == 403
E    +  where 200 = &lt;Response [200]&gt;.status_code</failure></testcase><testcase classname="tests.test_permission_enforcement.TestAdminWithoutPermissions" name="test_admin_without_akademi_view_cannot_access_trainings" time="0.053"><failure message="assert 200 == 403&#10; +  where 200 = &lt;Response [200]&gt;.status_code">tests/test_permission_enforcement.py:225: in test_admin_without_akademi_view_cannot_access_trainings
    assert response.status_code == 403
E   assert 200 == 403
E    +  where 200 = &lt;Response [200]&gt;.status_code</failure></testcase><testcase classname="tests.test_permission_enforcement.TestAdminWithoutPermissions" name="test_admin_without_market_manage_orders_cannot_access_orders" time="0.039"><failure message="assert 200 == 403&#10; +  where 200 = &lt;Response [200]&gt;.status_code">tests/test_permission_enforcement.py:235: in test_admin_without_market_manage_orders_cannot_access_orders
    assert response.status_code == 403
E   assert 200 == 403
E    +  where 200 = &lt;Response [200]&gt;.status_code</failure></testcase><testcase classname="tests.test_permission_enforcement.TestAdminWithoutPermissions" name="test_admin_without_sistem_backup_cannot_access_backup" time="0.044" /><testcase classname="tests.test_permission_enforcement.TestInvalidAdminId" name="test_invalid_admin_id_returns_401" time="0.056" /><testcase classname="tests.test_permission_enforcement.TestInvalidAdminId" name="test_nonexistent_admin_id_returns_error" time="0.068" /><testcase classname="tests.test_permission_enforcement.TestWriteOperationsPermissions" name="test_create_business_without_header_returns_401" time="0.062" /><testcase classname="tests.test_permission_enforcement.TestWriteOperationsPermissions" name="test_create_shift_without_header_returns_401" time="0.052" /><testcase classname="tests.test_permission_enforcement.TestWriteOperationsPermissions" name="test_admin_without_permission_cannot_create_business" time="0.044" /><testcase classname="tests.test_permission_enforcement.TestWriteOperationsPermissions" name="test_admin_without_permission_cannot_create_shift" time="0.042"><failure message="assert 200 == 403&#10; +  where 200 = &lt;Response [200]&gt;.status_code">tests/test_permission_enforcement.py:315: in test_admin_without_permission_cannot_create_shift
    assert response.status_code == 403
E   assert 200 == 403
E    +  where 200 = &lt;Response [200]&gt;.status_code</failure></testcase><testcase classname="tests.test_permission_enforcement.TestCourierEndpointsPermissions" name="test_add_courier_without_header_returns_401" time="0.043" /><testcase classname="tests.test_permission_enforcement.TestCourierEndpointsPermissions" name="test_admin_without_kurye_add_cannot_add_courier" time="0.037"><failure message="assert 400 == 403&#10; +  where 400 = &lt;Response [400]&gt;.status_code">tests/test_permission_enforcement.py:340: in test_admin_without_kurye_add_cannot_add_courier
    assert response.status_code == 403
E   assert 400 == 403
E    +  where 400 = &lt;Response [400]&gt;.status_code</failure></testcase><testcase classname="tests.test_permission_enforcement.TestTransactionEndpointsPermissions" name="test_create_transaction_without_header_returns_401" time="0.037" /><testcase classname="tests.test_permission_enforcement.TestTransactionEndpointsPermissions" name="test_admin_without_muhasebe_add_cannot_create_transaction" time="0.044" /></testsuite></testsuites>