<?xml version="1.0" encoding="utf-8"?><testsuites name="pytest tests"><testsuite name="pytest" errors="0" failures="0" skipped="0" tests="9" time="0.872" timestamp="2026-01-20T01:16:28.619013+00:00" hostname="agent-env-3f7cb7b5-386b-478e-be41-0fb56d1de705"><testcase classname="tests.test_permission_removal.TestPermissionRemoval" name="test_admin_login_no_permissions_field" time="0.065" /><testcase classname="tests.test_permission_removal.TestPermissionRemoval" name="test_admin_login_wrong_password_single_error" time="0.036" /><testcase classname="tests.test_permission_removal.TestPermissionRemoval" name="test_get_admins_no_permission_header_required" time="0.069" /><testcase classname="tests.test_permission_removal.TestPermissionRemoval" name="test_create_admin_no_permissions_field" time="0.113" /><testcase classname="tests.test_permission_removal.TestPermissionRemoval" name="test_update_admin_no_permissions_field" time="0.137" /><testcase classname="tests.test_permission_removal.TestPermissionRemoval" name="test_delete_admin_works" time="0.190" /><testcase classname="tests.test_permission_removal.TestOtherPagesAccess" name="test_vardiyalar_endpoint" time="0.067" /><testcase classname="tests.test_permission_removal.TestOtherPagesAccess" name="test_muhasebe_endpoint" time="0.074" /><testcase classname="tests.test_permission_removal.TestOtherPagesAccess" name="test_zimmet_endpoint" time="0.073" /></testsuite></testsuites>