<?xml version="1.0" encoding="utf-8"?><testsuites name="pytest tests"><testsuite name="pytest" errors="0" failures="0" skipped="0" tests="9" time="1.101" timestamp="2026-01-16T01:33:53.889171+00:00" hostname="agent-env-d3eb9844-97cf-40a5-be95-2ff9741040e6"><testcase classname="tests.test_profile_session.TestSessionCheck" name="test_session_check_valid_user" time="0.223" /><testcase classname="tests.test_profile_session.TestSessionCheck" name="test_session_check_nonexistent_user" time="0.041" /><testcase classname="tests.test_profile_session.TestProfileUpdate" name="test_profile_update_wrong_current_password" time="0.074" /><testcase classname="tests.test_profile_session.TestProfileUpdate" name="test_profile_update_no_changes" time="0.070" /><testcase classname="tests.test_profile_session.TestProfileUpdate" name="test_profile_update_username_already_exists" time="0.067" /><testcase classname="tests.test_profile_session.TestProfileUpdate" name="test_profile_update_nonexistent_user" time="0.038" /><testcase classname="tests.test_profile_session.TestAdminDeleteSessionInvalidation" name="test_admin_delete_creates_invalidation" time="0.230" /><testcase classname="tests.test_profile_session.TestProfileUpdateWithRelogin" name="test_profile_update_username_requires_relogin" time="0.215" /><testcase classname="tests.test_profile_session.TestClearSessionInvalidation" name="test_clear_invalidation_endpoint" time="0.035" /></testsuite></testsuites>