<?xml version="1.0" encoding="utf-8"?><testsuites name="pytest tests"><testsuite name="pytest" errors="0" failures="0" skipped="0" tests="12" time="0.773" timestamp="2026-01-15T21:07:27.729847+00:00" hostname="agent-env-4e029a00-5d50-4e83-bf26-5035ffe8f007"><testcase classname="tests.test_kuryeler_page.TestAdminLogin" name="test_admin_login_success" time="0.081" /><testcase classname="tests.test_kuryeler_page.TestAdminLogin" name="test_admin_login_invalid_credentials" time="0.037" /><testcase classname="tests.test_kuryeler_page.TestCourierSearch" name="test_search_courier_by_phone" time="0.044" /><testcase classname="tests.test_kuryeler_page.TestCourierSearch" name="test_search_courier_not_found" time="0.034" /><testcase classname="tests.test_kuryeler_page.TestCompanyCouriers" name="test_get_company_couriers" time="0.036" /><testcase classname="tests.test_kuryeler_page.TestCompanyCouriers" name="test_courier_detail_fields" time="0.038" /><testcase classname="tests.test_kuryeler_page.TestAddRemoveCourier" name="test_add_courier_to_company_flow" time="0.200" /><testcase classname="tests.test_kuryeler_page.TestAddRemoveCourier" name="test_add_nonexistent_courier" time="0.036" /><testcase classname="tests.test_kuryeler_page.TestAddRemoveCourier" name="test_add_duplicate_courier" time="0.042" /><testcase classname="tests.test_kuryeler_page.TestFilterFunctionality" name="test_filter_data_available" time="0.033" /><testcase classname="tests.test_kuryeler_page.TestAPIHealth" name="test_api_health" time="0.031" /><testcase classname="tests.test_kuryeler_page.TestAPIHealth" name="test_get_all_couriers" time="0.038" /></testsuite></testsuites>