<?xml version="1.0" encoding="utf-8"?><testsuites name="pytest tests"><testsuite name="pytest" errors="0" failures="0" skipped="0" tests="18" time="1.247" timestamp="2026-01-19T00:34:12.584762+00:00" hostname="agent-env-af598955-8a91-4cdd-b209-a72a92238671"><testcase classname="tests.test_refactored_couriers_invoices.TestCourierEndpoints" name="test_get_company_couriers_active" time="0.080" /><testcase classname="tests.test_refactored_couriers_invoices.TestCourierEndpoints" name="test_get_company_couriers_inactive" time="0.036" /><testcase classname="tests.test_refactored_couriers_invoices.TestCourierEndpoints" name="test_search_courier_by_phone" time="0.082" /><testcase classname="tests.test_refactored_couriers_invoices.TestCourierEndpoints" name="test_search_courier_not_found" time="0.078" /><testcase classname="tests.test_refactored_couriers_invoices.TestCourierEndpoints" name="test_get_all_couriers" time="0.044" /><testcase classname="tests.test_refactored_couriers_invoices.TestCourierUpdate" name="test_update_courier_name" time="0.095" /><testcase classname="tests.test_refactored_couriers_invoices.TestCourierUpdate" name="test_update_courier_plate" time="0.083" /><testcase classname="tests.test_refactored_couriers_invoices.TestCourierUpdate" name="test_update_courier_not_found" time="0.038" /><testcase classname="tests.test_refactored_couriers_invoices.TestCourierUpdate" name="test_update_courier_no_data" time="0.084" /><testcase classname="tests.test_refactored_couriers_invoices.TestCourierActivation" name="test_deactivate_activate_flow" time="0.114" /><testcase classname="tests.test_refactored_couriers_invoices.TestTerminationEndpoints" name="test_termination_status" time="0.078" /><testcase classname="tests.test_refactored_couriers_invoices.TestInvoiceEndpoints" name="test_get_company_invoices" time="0.037" /><testcase classname="tests.test_refactored_couriers_invoices.TestInvoiceEndpoints" name="test_get_company_invoices_with_month_filter" time="0.033" /><testcase classname="tests.test_refactored_couriers_invoices.TestInvoiceEndpoints" name="test_get_couriers_invoice_summary" time="0.039" /><testcase classname="tests.test_refactored_couriers_invoices.TestInvoiceEndpoints" name="test_get_couriers_invoice_summary_with_month" time="0.042" /><testcase classname="tests.test_refactored_couriers_invoices.TestInvoiceEndpoints" name="test_get_missing_invoices" time="0.045" /><testcase classname="tests.test_refactored_couriers_invoices.TestCourierInvoices" name="test_get_courier_invoices" time="0.078" /><testcase classname="tests.test_refactored_couriers_invoices.TestAPIHealth" name="test_api_health" time="0.035" /></testsuite></testsuites>