<?xml version="1.0" encoding="utf-8"?><testsuites name="pytest tests"><testsuite name="pytest" errors="0" failures="0" skipped="2" tests="17" time="3.550" timestamp="2026-02-19T00:50:12.007933+00:00" hostname="agent-env-2d1f3821-d33e-4da4-a692-f3527a788352"><testcase classname="tests.test_restaurant_delivery.TestRestaurantDeliveryPermission" name="test_get_restaurant_permissions" time="0.162" /><testcase classname="tests.test_restaurant_delivery.TestRestaurantDeliveryPermission" name="test_permission_definitions_endpoint" time="0.164" /><testcase classname="tests.test_restaurant_delivery.TestMarkRestaurantDeliveryEndpoint" name="test_mark_restaurant_delivery_success" time="0.397" /><testcase classname="tests.test_restaurant_delivery.TestMarkRestaurantDeliveryEndpoint" name="test_mark_restaurant_delivery_already_marked" time="0.294" /><testcase classname="tests.test_restaurant_delivery.TestMarkRestaurantDeliveryEndpoint" name="test_mark_restaurant_delivery_order_not_found" time="0.320" /><testcase classname="tests.test_restaurant_delivery.TestMarkRestaurantDeliveryEndpoint" name="test_mark_restaurant_delivery_wrong_restaurant" time="0.318" /><testcase classname="tests.test_restaurant_delivery.TestPermissionDenied" name="test_mark_without_permission" time="0.152" /><testcase classname="tests.test_restaurant_delivery.TestStatusRestrictions" name="test_cannot_mark_delivered_order" time="0.141"><skipped type="pytest.skip" message="No delivered orders available for test">/app/backend/tests/test_restaurant_delivery.py:189: No delivered orders available for test</skipped></testcase><testcase classname="tests.test_restaurant_delivery.TestStatusRestrictions" name="test_cannot_mark_on_the_way_order" time="0.115"><skipped type="pytest.skip" message="No on_the_way orders available for test">/app/backend/tests/test_restaurant_delivery.py:212: No on_the_way orders available for test</skipped></testcase><testcase classname="tests.test_restaurant_delivery.TestThreeMinuteRule" name="test_three_minute_rule_description" time="0.000" /><testcase classname="tests.test_restaurant_delivery.TestRestaurantUpdateStatus" name="test_update_restaurant_delivery_status_success" time="0.236" /><testcase classname="tests.test_restaurant_delivery.TestRestaurantUpdateStatus" name="test_update_non_restaurant_delivery_order_fails" time="0.255" /><testcase classname="tests.test_restaurant_delivery.TestRestaurantUpdateStatus" name="test_update_with_invalid_status" time="0.308" /><testcase classname="tests.test_restaurant_delivery.TestOrderListFiltering" name="test_orders_excluded_by_default" time="0.115" /><testcase classname="tests.test_restaurant_delivery.TestOrderListFiltering" name="test_orders_included_when_requested" time="0.206" /><testcase classname="tests.test_restaurant_delivery.TestOrderListFiltering" name="test_restaurant_orders_always_include_restaurant_delivery" time="0.144" /><testcase classname="tests.test_restaurant_delivery.TestSetupAndCleanup" name="test_create_test_order" time="0.164" /></testsuite></testsuites>