<?xml version="1.0" encoding="utf-8"?><testsuites name="pytest tests"><testsuite name="pytest" errors="0" failures="0" skipped="0" tests="19" time="5.304" timestamp="2026-03-29T14:14:54.314164+00:00" hostname="agent-env-9e51e4ae-6121-474f-b4bf-4c201636f9a2"><testcase classname="backend.tests.test_router_auth_fix_iteration40.TestCourierAuth" name="test_courier_login_success" time="0.388" /><testcase classname="backend.tests.test_router_auth_fix_iteration40.TestShiftsEndpoints" name="test_courier_can_access_shifts" time="0.426" /><testcase classname="backend.tests.test_router_auth_fix_iteration40.TestShiftsEndpoints" name="test_courier_can_access_shift_assignments" time="0.115" /><testcase classname="backend.tests.test_router_auth_fix_iteration40.TestShiftsEndpoints" name="test_courier_can_access_leaves" time="0.106" /><testcase classname="backend.tests.test_router_auth_fix_iteration40.TestShiftsEndpoints" name="test_unauthenticated_shifts_returns_401" time="0.108" /><testcase classname="backend.tests.test_router_auth_fix_iteration40.TestShiftsEndpoints" name="test_admin_can_still_access_shifts" time="0.447" /><testcase classname="backend.tests.test_router_auth_fix_iteration40.TestAccountingEndpoints" name="test_courier_can_access_transactions" time="0.440" /><testcase classname="backend.tests.test_router_auth_fix_iteration40.TestAccountingEndpoints" name="test_courier_can_access_installment_products" time="0.099" /><testcase classname="backend.tests.test_router_auth_fix_iteration40.TestAccountingEndpoints" name="test_unauthenticated_transactions_returns_401" time="0.105" /><testcase classname="backend.tests.test_router_auth_fix_iteration40.TestAccountingEndpoints" name="test_admin_can_still_access_transactions" time="0.459" /><testcase classname="backend.tests.test_router_auth_fix_iteration40.TestBreakSystemEndpoints" name="test_courier_can_access_break_status" time="0.437" /><testcase classname="backend.tests.test_router_auth_fix_iteration40.TestBreakSystemEndpoints" name="test_unauthenticated_break_status_returns_401" time="0.099" /><testcase classname="backend.tests.test_router_auth_fix_iteration40.TestBreakSystemEndpoints" name="test_admin_can_still_access_break_status" time="0.431" /><testcase classname="backend.tests.test_router_auth_fix_iteration40.TestCourierAvailabilityAndLocation" name="test_courier_can_update_availability" time="0.670" /><testcase classname="backend.tests.test_router_auth_fix_iteration40.TestCourierAvailabilityAndLocation" name="test_courier_can_update_location" time="0.103" /><testcase classname="backend.tests.test_router_auth_fix_iteration40.TestCourierAvailabilityAndLocation" name="test_unauthenticated_availability_returns_401" time="0.110" /><testcase classname="backend.tests.test_router_auth_fix_iteration40.TestCourierAvailabilityAndLocation" name="test_unauthenticated_location_returns_401" time="0.100" /><testcase classname="backend.tests.test_router_auth_fix_iteration40.TestHakedisEndpoints" name="test_courier_can_access_hakedis" time="0.449" /><testcase classname="backend.tests.test_router_auth_fix_iteration40.TestHakedisEndpoints" name="test_unauthenticated_hakedis_returns_401" time="0.139" /></testsuite></testsuites>