<?xml version="1.0" encoding="utf-8"?><testsuites name="pytest tests"><testsuite name="pytest" errors="0" failures="0" skipped="1" tests="16" time="3.187" timestamp="2026-03-29T13:11:37.822880+00:00" hostname="agent-env-9e51e4ae-6121-474f-b4bf-4c201636f9a2"><testcase classname="backend.tests.test_router_auth_fix.TestRouterAuthFix" name="test_courier_can_access_motorcycles_endpoint" time="0.531" /><testcase classname="backend.tests.test_router_auth_fix.TestRouterAuthFix" name="test_admin_can_still_access_motorcycles_endpoint" time="0.456" /><testcase classname="backend.tests.test_router_auth_fix.TestRouterAuthFix" name="test_unauthenticated_cannot_access_motorcycles" time="0.119" /><testcase classname="backend.tests.test_router_auth_fix.TestRouterAuthFix" name="test_courier_can_access_zimmet_assignments" time="0.107" /><testcase classname="backend.tests.test_router_auth_fix.TestRouterAuthFix" name="test_admin_can_still_access_zimmet_endpoint" time="0.112" /><testcase classname="backend.tests.test_router_auth_fix.TestRouterAuthFix" name="test_unauthenticated_cannot_access_zimmet" time="0.113" /><testcase classname="backend.tests.test_router_auth_fix.TestRouterAuthFix" name="test_courier_can_access_academy_trainings" time="0.232"><skipped type="pytest.skip" message="Could not determine company_id for courier">/app/backend/tests/test_router_auth_fix.py:134: Could not determine company_id for courier</skipped></testcase><testcase classname="backend.tests.test_router_auth_fix.TestRouterAuthFix" name="test_unauthenticated_cannot_access_academy" time="0.114" /><testcase classname="backend.tests.test_router_auth_fix.TestRouterAuthFix" name="test_courier_can_access_documents_endpoint" time="0.117" /><testcase classname="backend.tests.test_router_auth_fix.TestRouterAuthFix" name="test_admin_can_still_access_documents_endpoint" time="0.101" /><testcase classname="backend.tests.test_router_auth_fix.TestRouterAuthFix" name="test_unauthenticated_cannot_access_documents" time="0.121" /><testcase classname="backend.tests.test_router_auth_fix.TestRouterAuthFix" name="test_courier_can_access_invoices_endpoint" time="0.107" /><testcase classname="backend.tests.test_router_auth_fix.TestRouterAuthFix" name="test_admin_can_still_access_invoices_endpoint" time="0.107" /><testcase classname="backend.tests.test_router_auth_fix.TestRouterAuthFix" name="test_unauthenticated_cannot_access_invoices" time="0.114" /><testcase classname="backend.tests.test_router_auth_fix.TestCourierLoginFlow" name="test_courier_login_returns_token" time="0.322" /><testcase classname="backend.tests.test_router_auth_fix.TestCourierLoginFlow" name="test_courier_token_has_courier_role" time="0.349" /></testsuite></testsuites>