<?xml version="1.0" encoding="utf-8"?><testsuites name="pytest tests"><testsuite name="pytest" errors="0" failures="0" skipped="0" tests="10" time="5.918" timestamp="2026-03-29T12:43:02.522172+00:00" hostname="agent-env-9e51e4ae-6121-474f-b4bf-4c201636f9a2"><testcase classname="tests.test_security_hardening.TestAuthStillWorks" name="test_admin_login_success" time="0.505" /><testcase classname="tests.test_security_hardening.TestAuthStillWorks" name="test_company_admin_login_success" time="0.334" /><testcase classname="tests.test_security_hardening.TestAuthStillWorks" name="test_courier_login_success" time="0.360" /><testcase classname="tests.test_security_hardening.TestFileUploadSizeLimits" name="test_logo_upload_over_5mb_rejected" time="0.960" /><testcase classname="tests.test_security_hardening.TestFileUploadSizeLimits" name="test_logo_upload_under_5mb_accepted" time="1.716" /><testcase classname="tests.test_security_hardening.TestFileUploadSizeLimits" name="test_document_upload_over_10mb_rejected" time="1.106" /><testcase classname="tests.test_security_hardening.TestGlobalRateLimiting" name="test_rate_limit_returns_429_after_200_requests" time="0.521" /><testcase classname="tests.test_security_hardening.TestGlobalRateLimiting" name="test_rate_limit_response_format" time="0.001" /><testcase classname="tests.test_security_hardening.TestWebhookExemptions" name="test_getir_webhook_exempt" time="0.186" /><testcase classname="tests.test_security_hardening.TestWebhookExemptions" name="test_migros_webhook_exempt" time="0.179" /></testsuite></testsuites>