<?xml version="1.0" encoding="utf-8"?><testsuites name="pytest tests"><testsuite name="pytest" errors="0" failures="0" skipped="0" tests="9" time="0.923" timestamp="2026-01-20T01:33:17.377154+00:00" hostname="agent-env-3f7cb7b5-386b-478e-be41-0fb56d1de705"><testcase classname="tests.test_simple_permissions.TestAdminLoginPermissions" name="test_superadmin_login_returns_permissions" time="0.065" /><testcase classname="tests.test_simple_permissions.TestAdminLoginPermissions" name="test_admin_login_returns_permissions" time="0.076" /><testcase classname="tests.test_simple_permissions.TestPermissionsCRUD" name="test_update_permissions_success" time="0.120" /><testcase classname="tests.test_simple_permissions.TestPermissionsCRUD" name="test_verify_permissions_persisted" time="0.104" /><testcase classname="tests.test_simple_permissions.TestPermissionsCRUD" name="test_update_permissions_invalid_admin" time="0.038" /><testcase classname="tests.test_simple_permissions.TestPermissionsCRUD" name="test_update_permissions_superadmin_blocked" time="0.071" /><testcase classname="tests.test_simple_permissions.TestAdminsList" name="test_admins_list_includes_permissions" time="0.035" /><testcase classname="tests.test_simple_permissions.TestNewAdminDefaultPermissions" name="test_create_admin_gets_default_permissions" time="0.178" /><testcase classname="tests.test_simple_permissions.TestPermissionValidation" name="test_invalid_permission_keys_filtered" time="0.187" /></testsuite></testsuites>