<?xml version="1.0" encoding="utf-8"?><testsuites name="pytest tests"><testsuite name="pytest" errors="0" failures="2" skipped="0" tests="9" time="0.846" timestamp="2026-01-20T01:32:28.260414+00:00" hostname="agent-env-3f7cb7b5-386b-478e-be41-0fb56d1de705"><testcase classname="tests.test_simple_permissions.TestAdminLoginPermissions" name="test_superadmin_login_returns_permissions" time="0.062"><failure message="AssertionError: Permission key 'market' should exist&#10;assert 'market' in {'akademi_add': True, 'akademi_delete': True, 'akademi_edit': True, 'akademi_view': True, ...}">tests/test_simple_permissions.py:31: in test_superadmin_login_returns_permissions
    assert key in permissions, f"Permission key '{key}' should exist"
E   AssertionError: Permission key 'market' should exist
E   assert 'market' in {'akademi_add': True, 'akademi_delete': True, 'akademi_edit': True, 'akademi_view': True, ...}</failure></testcase><testcase classname="tests.test_simple_permissions.TestAdminLoginPermissions" name="test_admin_login_returns_permissions" time="0.041" /><testcase classname="tests.test_simple_permissions.TestPermissionsCRUD" name="test_update_permissions_success" time="0.074" /><testcase classname="tests.test_simple_permissions.TestPermissionsCRUD" name="test_verify_permissions_persisted" time="0.104" /><testcase classname="tests.test_simple_permissions.TestPermissionsCRUD" name="test_update_permissions_invalid_admin" time="0.035" /><testcase classname="tests.test_simple_permissions.TestPermissionsCRUD" name="test_update_permissions_superadmin_blocked" time="0.074" /><testcase classname="tests.test_simple_permissions.TestAdminsList" name="test_admins_list_includes_permissions" time="0.035"><failure message="AssertionError: Permission key 'vardiya' should exist for test_no_perms&#10;assert 'vardiya' in {'akademi_add': False, 'akademi_delete': False, 'akademi_edit': False, 'akademi_view': False, ...}">tests/test_simple_permissions.py:174: in test_admins_list_includes_permissions
    assert key in permissions, f"Permission key '{key}' should exist for {admin.get('username')}"
E   AssertionError: Permission key 'vardiya' should exist for test_no_perms
E   assert 'vardiya' in {'akademi_add': False, 'akademi_delete': False, 'akademi_edit': False, 'akademi_view': False, ...}</failure></testcase><testcase classname="tests.test_simple_permissions.TestNewAdminDefaultPermissions" name="test_create_admin_gets_default_permissions" time="0.147" /><testcase classname="tests.test_simple_permissions.TestPermissionValidation" name="test_invalid_permission_keys_filtered" time="0.172" /></testsuite></testsuites>